<?xml version="1.0" encoding="UTF-8" ?>
<testsuite errors="0" failures="5" hostname="sea-lion" name="vector2d.Vector2DTest" tests="8" time="0.08" timestamp="2013-07-23T15:51:00">
  <properties>
    <property name="libs.jsp-compiler.javadoc" value="" />
    <property name="netbeans.autoupdate.country" value="US" />
    <property name="javac.test.classpath" value=":build/classes:/home/leontabak/.netbeans/7.1.2/modules/ext/junit-4.10.jar" />
    <property name="libs.jsf20.maven-pom" value="" />
    <property name="libs.DataBindingME.src" value="/usr/local/netbeans-7.1.2/mobility/sources/netbeans_databindingme-src.zip" />
    <property name="libs.j2me_ant_ext.javadoc" value="" />
    <property name="libs.junit.javadoc" value="/home/leontabak/.netbeans/7.1.2/docs/junit-3.8.2-api.zip" />
    <property name="libs.nokiaS80-ant-utils.javadoc" value="" />
    <property name="ant.core.lib" value="/usr/local/netbeans-7.1.2/java/ant/lib/ant.jar" />
    <property name="libs.jakarta_slide_ant_webdav.javadoc" value="" />
    <property name="javadoc.windowtitle" value="Cat&apos;s Cradle" />
    <property name="libs.toplink.classpath" value="/usr/local/netbeans-7.1.2/java/modules/ext/toplink/toplink-essentials.jar:/usr/local/netbeans-7.1.2/java/modules/ext/toplink/toplink-essentials-agent.jar" />
    <property name="libs.jsp-compilation.javadoc" value="" />
    <property name="user.dir" value="/home/leontabak/NetBeansProjects/vector2d" />
    <property name="libs.hibernate-persistence.javadoc" value="" />
    <property name="libs.JMUnit4CLDC10.javadoc" value="/usr/local/netbeans-7.1.2/mobility/modules/docs/jmunit-1.2.1-api.zip" />
    <property name="java.vm.version" value="23.1-b03" />
    <property name="libs.DataBindingME.classpath" value="/usr/local/netbeans-7.1.2/mobility/modules/ext/netbeans_databindingme.jar" />
    <property name="libs.jstl11.maven-pom" value="" />
    <property name="libs.Java-EE-GlassFish-v3.wsimport" value="" />
    <property name="libs.MySQLDriver.classpath" value="/usr/local/netbeans-7.1.2/ide/modules/ext/mysql-connector-java-5.1.13-bin.jar" />
    <property name="libs.eclipselinkmodelgen.src" value="" />
    <property name="libs.jstl11.src" value="" />
    <property name="javadoc.notree" value="false" />
    <property name="netbeans.autoupdate.version" value="1.23" />
    <property name="libs.EclipseLink-GlassFish-v3.classpath" value="/usr/local/glassfish-3.1.2/glassfish/modules/org.eclipse.persistence.jpa.modelgen.jar:/usr/local/glassfish-3.1.2/glassfish/modules/org.eclipse.persistence.moxy.jar:/usr/local/glassfish-3.1.2/glassfish/modules/org.eclipse.persistence.antlr.jar:/usr/local/glassfish-3.1.2/glassfish/modules/org.eclipse.persistence.asm.jar:/usr/local/glassfish-3.1.2/glassfish/modules/org.eclipse.persistence.oracle.jar:/usr/local/glassfish-3.1.2/glassfish/modules/org.eclipse.persistence.core.jar:/usr/local/glassfish-3.1.2/glassfish/modules/org.eclipse.persistence.jpa.jar:/usr/local/glassfish-3.1.2/glassfish/modules/javax.persistence.jar" />
    <property name="libs.javaee-web-api-6.0.classpath" value="/usr/local/netbeans-7.1.2/enterprise/modules/ext/javaee-web-api-6.0.jar" />
    <property name="libs.DataBindingME-PIM.maven-pom" value="" />
    <property name="libs.hibernate-support.maven-pom" value="" />
    <property name="libs.hibernate-support.javadoc" value="" />
    <property name="libs.NetBeans MIDP Components.maven-pom" value="" />
    <property name="jdk.home" value="/usr/local/java/jdk1.7.0_05" />
    <property name="libs.javac-api.src" value="" />
    <property name="javadoc.noindex" value="false" />
    <property name="sun.os.patch.level" value="unknown" />
    <property name="do.archive+manifest.available" value="true" />
    <property name="java.vm.specification.name" value="Java Virtual Machine Specification" />
    <property name="libs.semc-ant-utils.classpath" value="/usr/local/netbeans-7.1.2/mobility/modules/ext/org-netbeans-modules-j2me-cdc-project-semc.jar" />
    <property name="nb.show.statistics.ui" value="usageStatisticsEnabled" />
    <property name="libs.nokiadeployment.classpath" value="/usr/local/netbeans-7.1.2/mobility/modules/org-netbeans-modules-mobility-deployment-nokia.jar" />
    <property name="netbeans.autoupdate.variant" value="" />
    <property name="have.tests" value="true" />
    <property name="libs.nokiaS80-ant-utils.maven-pom" value="" />
    <property name="org.xml.sax.driver" value="com.sun.org.apache.xerces.internal.jaxp.SAXParserImpl$JAXPSAXParser" />
    <property name="libs.nb_svg_midp_components.src" value="/usr/local/netbeans-7.1.2/mobility/sources/nb_svg_midp_components-src.zip" />
    <property name="libs.NetBeans MIDP Components WMA.src" value="/usr/local/netbeans-7.1.2/mobility/sources/netbeans_midp_components_wma-src.zip" />
    <property name="libs.javac-api.javadoc" value="" />
    <property name="os.name" value="Linux" />
    <property name="libs.beans-binding.classpath" value="/usr/local/netbeans-7.1.2/java/modules/ext/beansbinding-1.2.1.jar" />
    <property name="ap.proc.none.internal" value="" />
    <property name="libs.DataBindingME-SVG.javadoc" value="/usr/local/netbeans-7.1.2/mobility/modules/docs/netbeans_databindingme_svg-api.zip" />
    <property name="libs.restapi.javadoc" value="/usr/local/netbeans-7.1.2/enterprise/docs/jsr311-api-1.1.1-javadoc.zip" />
    <property name="libs.JWSAntTasks.maven-pom" value="" />
    <property name="jnlp.signing.keystore" value="" />
    <property name="libs.ojec-ant-utils.src" value="" />
    <property name="libs.spring-webmvc3.0.src" value="" />
    <property name="libs.restapi.classpath" value="/usr/local/netbeans-7.1.2/enterprise/modules/ext/rest/jsr311-api-1.1.1.jar" />
    <property name="java.vendor.url.bug" value="http://bugreport.sun.com/bugreport/" />
    <property name="libs.jaxb.maven-pom" value="" />
    <property name="os.arch" value="amd64" />
    <property name="libs.eclipselink.src" value="" />
    <property name="user.name" value="leontabak" />
    <property name="libs.jsf12.javadoc" value="/usr/local/netbeans-7.1.2/enterprise/docs/javaee6-doc-api.zip" />
    <property name="libs.Comet-GlassFish-v3.javadoc" value="" />
    <property name="copylibs.rebase" value="true" />
    <property name="manifest.available+main.class" value="true" />
    <property name="libs.spring-webmvc3.0.maven-pom" value="" />
    <property name="libs.swing-layout.maven-pom" value="" />
    <property name="sun.java.command" value="org.apache.tools.ant.taskdefs.optional.junit.JUnitTestRunner vector2d.Vector2DTest filtertrace=true haltOnError=false haltOnFailure=false showoutput=true outputtoformatters=true logfailedtests=true logtestlistenerevents=true formatter=org.apache.tools.ant.taskdefs.optional.junit.BriefJUnitResultFormatter formatter=org.apache.tools.ant.taskdefs.optional.junit.XMLJUnitResultFormatter,/home/leontabak/NetBeansProjects/vector2d/build/test/results/TEST-vector2d.Vector2DTest.xml crashfile=/home/leontabak/NetBeansProjects/vector2d/build/junitvmwatcher2462957371749795177.properties propsfile=/home/leontabak/NetBeansProjects/vector2d/build/junit861477373267520912.properties" />
    <property name="build.classes.dir" value="build/classes" />
    <property name="netbeans.accept_license_class" value="org.netbeans.license.AcceptLicense" />
    <property name="jnlp.descriptor" value="application" />
    <property name="libs.Java-EE-GlassFish-v3.wsjwsdp" value="" />
    <property name="build.sysclasspath" value="ignore" />
    <property name="ap.supported.internal" value="true" />
    <property name="libs.jaxws21.javadoc" value="/usr/local/netbeans-7.1.2/java/docs/jaxws-api-doc.zip" />
    <property name="includes" value="**" />
    <property name="libs.ojec-ant-utils.maven-pom" value="" />
    <property name="user.country" value="US" />
    <property name="manifest.file" value="manifest.mf" />
    <property name="libs.jstl11.javadoc" value="/usr/local/netbeans-7.1.2/enterprise/docs/javaee6-doc-api.zip" />
    <property name="libs.JMUnit4CLDC11.src" value="" />
    <property name="javadoc.encoding" value="UTF-8" />
    <property name="javac.classpath" value="" />
    <property name="libs.jsp-compilation-syscp.src" value="" />
    <property name="debug-transport" value="dt_socket" />
    <property name="netbeans.system_http_non_proxy_hosts" value="" />
    <property name="netbeans.home" value="/usr/local/netbeans-7.1.2/platform" />
    <property name="build.compiler.emacs" value="true" />
    <property name="libs.javaee-web-api-6.0.src" value="" />
    <property name="libs.ejb3-persistence.src" value="" />
    <property name="libs.Java-EE-GlassFish-v3.javadoc" value="/usr/local/netbeans-7.1.2/enterprise/docs/javaee6-doc-api.zip" />
    <property name="libs.jsp-compilation-syscp.classpath" value="/usr/local/netbeans-7.1.2/java/ant/lib/ant.jar:/usr/local/netbeans-7.1.2/enterprise/modules/ext/servlet3.0-jsp2.2-api.jar:/usr/local/netbeans-7.1.2/enterprise/modules/ext/glassfish-jspparser-3.0.jar:/usr/local/netbeans-7.1.2/enterprise/modules/ext/standard.jar:/usr/local/netbeans-7.1.2/enterprise/modules/ext/jsf-2_1/jsf-impl.jar" />
    <property name="libs.nokiaS80-ant-utils.src" value="" />
    <property name="libs.cdc-pp-awt-layout.javadoc" value="" />
    <property name="libs.j2me_ant_ext.classpath" value="/usr/local/netbeans-7.1.2/mobility/modules/org-netbeans-modules-mobility-antext.jar:/usr/local/netbeans-7.1.2/java/modules/org-netbeans-modules-classfile.jar" />
    <property name="java.endorsed.dirs" value="/usr/local/java/jdk1.7.0_05/jre/lib/endorsed" />
    <property name="libs.Comet-GlassFish-v3.maven-pom" value="" />
    <property name="libs.groovy-all.src" value="" />
    <property name="netbeans.dynamic.classpath" value="/usr/local/netbeans-7.1.2/platform/core/org-openide-filesystems.jar:/usr/local/netbeans-7.1.2/platform/core/core.jar:/usr/local/netbeans-7.1.2/platform/core/locale/org-openide-filesystems_ru.jar:/usr/local/netbeans-7.1.2/platform/core/locale/core_pt_BR.jar:/usr/local/netbeans-7.1.2/platform/core/locale/core_zh_CN.jar:/usr/local/netbeans-7.1.2/platform/core/locale/org-openide-filesystems_pt_BR.jar:/usr/local/netbeans-7.1.2/platform/core/locale/org-openide-filesystems_zh_CN.jar:/usr/local/netbeans-7.1.2/platform/core/locale/org-openide-filesystems_ja.jar:/usr/local/netbeans-7.1.2/platform/core/locale/core_ru.jar:/usr/local/netbeans-7.1.2/platform/core/locale/core_ja.jar:/usr/local/netbeans-7.1.2/nb/core/org-netbeans-upgrader.jar:/usr/local/netbeans-7.1.2/nb/core/locale/core_nb.jar:/usr/local/netbeans-7.1.2/nb/core/locale/core_nb_zh_CN.jar:/usr/local/netbeans-7.1.2/nb/core/locale/org-netbeans-upgrader_ja.jar:/usr/local/netbeans-7.1.2/nb/core/locale/org-netbeans-upgrader_zh_CN.jar:/usr/local/netbeans-7.1.2/nb/core/locale/core_nb_ja.jar:/usr/local/netbeans-7.1.2/nb/core/locale/org-netbeans-upgrader_pt_BR.jar:/usr/local/netbeans-7.1.2/nb/core/locale/core_nb_pt_BR.jar:/usr/local/netbeans-7.1.2/nb/core/locale/core_nb_ru.jar:/usr/local/netbeans-7.1.2/nb/core/locale/org-netbeans-upgrader_ru.jar" />
    <property name="libs.cdc-agui-swing-layout.maven-pom" value="" />
    <property name="jnlp.enabled" value="false" />
    <property name="libs.cdc-pp-awt-layout.src" value="/usr/local/netbeans-7.1.2/mobility/sources/cdc-pp-awt-layout-src.zip" />
    <property name="java.vm.specification.version" value="1.7" />
    <property name="libs.jakarta_slide_ant_webdav.src" value="" />
    <property name="libs.primefaces.classpath" value="/usr/local/netbeans-7.1.2/enterprise/modules/ext/primefaces/primefaces-2.2.1.jar" />
    <property name="libs.javaee-api-6.0.classpath" value="/usr/local/netbeans-7.1.2/enterprise/modules/ext/javaee-api-6.0.jar" />
    <property name="libs.sjmc-ant-utils.maven-pom" value="" />
    <property name="libs.groovy-all.maven-pom" value="" />
    <property name="libs.JMUnit4CLDC10.maven-pom" value="" />
    <property name="netbeans.productversion" value="NetBeans IDE 7.1.2 (Build 201204101705)" />
    <property name="libs.hibernate-persistence.classpath" value="/usr/local/netbeans-7.1.2/java/modules/ext/hibernate/antlr-2.7.6.jar:/usr/local/netbeans-7.1.2/java/modules/ext/hibernate/asm.jar:/usr/local/netbeans-7.1.2/java/modules/ext/hibernate/asm-attrs.jar:/usr/local/netbeans-7.1.2/java/modules/ext/hibernate/cglib-2.1.3.jar:/usr/local/netbeans-7.1.2/java/modules/ext/hibernate/commons-collections-2.1.1.jar:/usr/local/netbeans-7.1.2/ide/modules/org-apache-commons-logging.jar:/usr/local/netbeans-7.1.2/java/modules/ext/hibernate/dom4j-1.6.1.jar:/usr/local/netbeans-7.1.2/java/modules/ext/hibernate/ehcache-1.2.3.jar:/usr/local/netbeans-7.1.2/java/modules/ext/hibernate/jdbc2_0-stdext.jar:/usr/local/netbeans-7.1.2/java/modules/ext/hibernate/jta.jar:/usr/local/netbeans-7.1.2/java/modules/ext/hibernate/hibernate3.jar:/usr/local/netbeans-7.1.2/java/modules/ext/hibernate/hibernate-tools.jar:/usr/local/netbeans-7.1.2/java/modules/ext/hibernate/hibernate-annotations.jar:/usr/local/netbeans-7.1.2/java/modules/ext/hibernate/hibernate-commons-annotations.jar:/usr/local/netbeans-7.1.2/java/modules/ext/hibernate/hibernate-entitymanager.jar:/usr/local/netbeans-7.1.2/java/modules/ext/hibernate/javassist.jar:/usr/local/netbeans-7.1.2/java/modules/ext/hibernate/ejb3-persistence.jar" />
    <property name="libs.jaxws21.src" value="" />
    <property name="application.title" value="vector2d" />
    <property name="do.archive" value="true" />
    <property name="netbeans.autoupdate.language" value="en" />
    <property name="libs.jakarta_slide_ant_webdav.classpath" value="/usr/local/netbeans-7.1.2/mobility/modules/ext/commons-httpclient-3.0.1.jar:/usr/local/netbeans-7.1.2/ide/modules/org-apache-commons-logging.jar:/usr/local/netbeans-7.1.2/mobility/modules/ext/jdom-1.0.jar:/usr/local/netbeans-7.1.2/mobility/modules/ext/jakarta-slide-webdavlib-2.1.jar:/usr/local/netbeans-7.1.2/mobility/modules/ext/jakarta-slide-ant-webdav-2.1.jar" />
    <property name="java.vendor" value="Oracle Corporation" />
    <property name="libs.JMUnit4CLDC10.src" value="" />
    <property name="libs.javaee-api-6.0.javadoc" value="/usr/local/netbeans-7.1.2/enterprise/docs/javaee6-doc-api.zip" />
    <property name="sun.font.fontmanager" value="sun.awt.X11FontManager" />
    <property name="jar.index.metainf" value="false" />
    <property name="javac.debug" value="true" />
    <property name="javadoc.splitindex" value="true" />
    <property name="file.separator" value="/" />
    <property name="libs.restlib_gfv3ee6.classpath" value="/usr/local/glassfish-3.1.2/glassfish/modules/jackson-core-asl.jar:/usr/local/glassfish-3.1.2/glassfish/modules/jackson-jaxrs.jar:/usr/local/glassfish-3.1.2/glassfish/modules/jackson-mapper-asl.jar:/usr/local/glassfish-3.1.2/glassfish/modules/jersey-client.jar:/usr/local/glassfish-3.1.2/glassfish/modules/jersey-core.jar:/usr/local/glassfish-3.1.2/glassfish/modules/jersey-gf-server.jar:/usr/local/glassfish-3.1.2/glassfish/modules/jersey-json.jar:/usr/local/glassfish-3.1.2/glassfish/modules/jersey-multipart.jar:/usr/local/glassfish-3.1.2/glassfish/modules/jettison.jar:/usr/local/glassfish-3.1.2/glassfish/modules/mimepull.jar" />
    <property name="libs.junit_4.maven-pom" value="" />
    <property name="mkdist.disabled" value="false" />
    <property name="javac.test.processorpath" value=":build/classes:/home/leontabak/.netbeans/7.1.2/modules/ext/junit-4.10.jar" />
    <property name="netbeans.buildnumber" value="201204101705" />
    <property name="libs.JWSAntTasks.javadoc" value="" />
    <property name="build.generated.sources.dir" value="build/generated-sources" />
    <property name="libs.eclipselinkmodelgen.classpath" value="/usr/local/netbeans-7.1.2/java/modules/ext/eclipselink/eclipselink-jpa-modelgen-2.3.0.jar" />
    <property name="libs.Java-EE-GlassFish-v3.wscompile" value="" />
    <property name="sun.java.launcher" value="SUN_STANDARD" />
    <property name="libs.junit.classpath" value="/home/leontabak/.netbeans/7.1.2/modules/ext/junit-3.8.2.jar" />
    <property name="libs.jaxb.javadoc" value="/usr/local/netbeans-7.1.2/ide/docs/jaxb-api-doc.zip" />
    <property name="libs.struts.classpath" value="/usr/local/netbeans-7.1.2/enterprise/modules/ext/struts/antlr-2.7.2.jar:/usr/local/netbeans-7.1.2/enterprise/modules/ext/struts/bsf-2.3.0.jar:/usr/local/netbeans-7.1.2/enterprise/modules/ext/struts/commons-beanutils-1.8.0.jar:/usr/local/netbeans-7.1.2/enterprise/modules/ext/struts/commons-chain-1.2.jar:/usr/local/netbeans-7.1.2/enterprise/modules/ext/struts/commons-digester-1.8.jar:/usr/local/netbeans-7.1.2/enterprise/modules/ext/struts/commons-fileupload-1.1.1.jar:/usr/local/netbeans-7.1.2/enterprise/modules/ext/struts/commons-io-1.1.jar:/usr/local/netbeans-7.1.2/enterprise/modules/ext/struts/commons-logging-1.0.4.jar:/usr/local/netbeans-7.1.2/enterprise/modules/ext/struts/commons-validator-1.3.1.jar:/usr/local/netbeans-7.1.2/enterprise/modules/ext/struts/jstl-1.0.2.jar:/usr/local/netbeans-7.1.2/enterprise/modules/ext/struts/oro-2.0.8.jar:/usr/local/netbeans-7.1.2/enterprise/modules/ext/struts/standard-1.0.6.jar:/usr/local/netbeans-7.1.2/enterprise/modules/ext/struts/struts-core-1.3.10.jar:/usr/local/netbeans-7.1.2/enterprise/modules/ext/struts/struts-el-1.3.10.jar:/usr/local/netbeans-7.1.2/enterprise/modules/ext/struts/struts-extras-1.3.10.jar:/usr/local/netbeans-7.1.2/enterprise/modules/ext/struts/struts-faces-1.3.10.jar:/usr/local/netbeans-7.1.2/enterprise/modules/ext/struts/struts-mailreader-dao-1.3.10.jar:/usr/local/netbeans-7.1.2/enterprise/modules/ext/struts/struts-scripting-1.3.10.jar:/usr/local/netbeans-7.1.2/enterprise/modules/ext/struts/struts-taglib-1.3.10.jar:/usr/local/netbeans-7.1.2/enterprise/modules/ext/struts/struts-tiles-1.3.10.jar" />
    <property name="ant.home" value="/usr/local/netbeans-7.1.2/java/ant" />
    <property name="libs.junit_4.src" value="/home/leontabak/.netbeans/7.1.2/docs/junit-4.10-sources.jar" />
    <property name="libs.absolutelayout.maven-pom" value="" />
    <property name="ant.java.version" value="1.7" />
    <property name="java.library.path" value="/usr/java/packages/lib/amd64:/usr/lib64:/lib64:/lib:/usr/lib" />
    <property name="javadoc.author" value="true" />
    <property name="libs.metro.maven-pom" value="" />
    <property name="manifest.available+main.class-mkdist.available" value="true" />
    <property name="libs.EclipseLink-GlassFish-v3.src" value="" />
    <property name="java.util.logging.config.class" value="org.netbeans.core.startup.TopLogging" />
    <property name="libs.PostgreSQLDriver.src" value="" />
    <property name="sun.arch.data.model" value="64" />
    <property name="basedir" value="/home/leontabak/NetBeansProjects/vector2d" />
    <property name="jar.compress" value="false" />
    <property name="libs.NetBeans MIDP Components PDA.src" value="/usr/local/netbeans-7.1.2/mobility/sources/netbeans_midp_components_pda-src.zip" />
    <property name="libs.jstl11.classpath" value="/usr/local/netbeans-7.1.2/enterprise/modules/ext/standard.jar:/usr/local/netbeans-7.1.2/enterprise/modules/ext/jstl.jar" />
    <property name="path.separator" value=":" />
    <property name="libs.javaee-web-api-6.0.javadoc" value="/usr/local/netbeans-7.1.2/enterprise/docs/javaee6-doc-api.zip" />
    <property name="ant.junit.enabletestlistenerevents" value="true" />
    <property name="sun.io.unicode.encoding" value="UnicodeLittle" />
    <property name="libs.semc-ant-utils.javadoc" value="" />
    <property name="libs.jaxws21.classpath" value="/usr/local/netbeans-7.1.2/ide/modules/ext/jaxb/jaxb-impl.jar:/usr/local/netbeans-7.1.2/ide/modules/ext/jaxb/jaxb-xjc.jar:/usr/local/netbeans-7.1.2/java/modules/ext/jaxws22/FastInfoset.jar:/usr/local/netbeans-7.1.2/java/modules/ext/jaxws22/gmbal-api-only.jar:/usr/local/netbeans-7.1.2/java/modules/ext/jaxws22/http.jar:/usr/local/netbeans-7.1.2/java/modules/ext/jaxws22/jaxws-rt.jar:/usr/local/netbeans-7.1.2/java/modules/ext/jaxws22/jaxws-tools.jar:/usr/local/netbeans-7.1.2/java/modules/ext/jaxws22/management-api.jar:/usr/local/netbeans-7.1.2/java/modules/ext/jaxws22/mimepull.jar:/usr/local/netbeans-7.1.2/java/modules/ext/jaxws22/policy.jar:/usr/local/netbeans-7.1.2/java/modules/ext/jaxws22/saaj-impl.jar:/usr/local/netbeans-7.1.2/java/modules/ext/jaxws22/stax-ex.jar:/usr/local/netbeans-7.1.2/java/modules/ext/jaxws22/streambuffer.jar:/usr/local/netbeans-7.1.2/java/modules/ext/jaxws22/woodstox.jar:/usr/local/netbeans-7.1.2/java/modules/ext/jaxws22/api/jaxws-api.jar:/usr/local/netbeans-7.1.2/java/modules/ext/jaxws22/api/jsr181-api.jar:/usr/local/netbeans-7.1.2/java/modules/ext/jaxws22/api/jsr250-api.jar:/usr/local/netbeans-7.1.2/java/modules/ext/jaxws22/api/saaj-api.jar:/usr/local/netbeans-7.1.2/ide/modules/ext/jaxb/activation.jar:/usr/local/netbeans-7.1.2/ide/modules/ext/jaxb/api/jaxb-api.jar:/usr/local/netbeans-7.1.2/ide/modules/ext/jaxb/api/jsr173_api.jar" />
    <property name="libs.struts.src" value="" />
    <property name="compile.on.save" value="true" />
    <property name="apple.awt.graphics.UseQuartz" value="true" />
    <property name="user.language" value="en" />
    <property name="testng.mode" value="testng" />
    <property name="libs.JAXB-ENDORSED.maven-pom" value="" />
    <property name="libs.spring-framework.classpath" value="/usr/local/netbeans-7.1.2/ide/modules/org-apache-commons-logging.jar:/usr/local/netbeans-7.1.2/java/modules/ext/cglib-2.2.jar:/usr/local/netbeans-7.1.2/java/modules/ext/spring/spring-2.5.6.SEC03.jar" />
    <property name="libs.eclipselink.maven-pom" value="" />
    <property name="application.vendor" value="CORNELL-COLLEGE\ltabak" />
    <property name="manifest.available" value="true" />
    <property name="libs.primefaces.javadoc" value="" />
    <property name="libs.spring-framework300.maven-pom" value="" />
    <property name="run.test.classpath" value=":build/classes:/home/leontabak/.netbeans/7.1.2/modules/ext/junit-4.10.jar:build/test/classes" />
    <property name="ant.project.invoked-targets" value="test" />
    <property name="libs.swing-layout.javadoc" value="/usr/local/netbeans-7.1.2/platform/docs/swing-layout-1.0.4-doc.zip" />
    <property name="libs.ejb3-persistence.maven-pom" value="" />
    <property name="libs.DataBindingME-SVG.classpath" value="/usr/local/netbeans-7.1.2/mobility/modules/ext/netbeans_databindingme_svg.jar" />
    <property name="libs.PostgreSQLDriver.maven-pom" value="" />
    <property name="java.class.version" value="51.0" />
    <property name="libs.javaee-endorsed-api-6.0.src" value="" />
    <property name="libs.cdc-ant-utils.classpath" value="/usr/local/netbeans-7.1.2/mobility/modules/ext/org-netbeans-modules-j2me-cdc-project.jar" />
    <property name="netbeans.system_http_proxy" value="DIRECT" />
    <property name="libs.eclipselink.javadoc" value="" />
    <property name="libs.NetBeans MIDP Components WMA.maven-pom" value="" />
    <property name="libs.jsp-compilation.maven-pom" value="" />
    <property name="user.properties.file" value="/home/leontabak/.netbeans/7.1.2/build.properties" />
    <property name="runtime.encoding" value="UTF-8" />
    <property name="libs.spring-framework.src" value="" />
    <property name="libs.javac-api.maven-pom" value="" />
    <property name="file.encoding.pkg" value="sun.io" />
    <property name="sun.cpu.endian" value="little" />
    <property name="libs.JAXB-ENDORSED.javadoc" value="" />
    <property name="libs.JWSAntTasks.classpath" value="/usr/local/netbeans-7.1.2/java/ant/extra/org-netbeans-modules-javawebstart-anttasks.jar" />
    <property name="libs.spring-framework300.src" value="" />
    <property name="libs.ant-contrib.classpath" value="/usr/local/netbeans-7.1.2/mobility/modules/ext/ant-contrib-1.0b3.jar" />
    <property name="empty.dir" value="/home/leontabak/NetBeansProjects/vector2d/build/empty" />
    <property name="version-output" value="java version &quot;1.7" />
    <property name="javadoc.preview" value="true" />
    <property name="java.home" value="/usr/local/java/jdk1.7.0_05/jre" />
    <property name="libs.ojec-ant-utils.javadoc" value="" />
    <property name="libs.jsp-compilation.src" value="" />
    <property name="libs.spring-webmvc.src" value="" />
    <property name="libs.ant-contrib.javadoc" value="" />
    <property name="debug.test.classpath" value=":build/classes:/home/leontabak/.netbeans/7.1.2/modules/ext/junit-4.10.jar:build/test/classes" />
    <property name="libs.javaee-endorsed-api-6.0.classpath" value="/usr/local/netbeans-7.1.2/enterprise/modules/ext/javaee6-endorsed/javax.annotation.jar:/usr/local/netbeans-7.1.2/enterprise/modules/ext/javaee6-endorsed/jaxb-api-osgi.jar:/usr/local/netbeans-7.1.2/enterprise/modules/ext/javaee6-endorsed/webservices-api-osgi.jar" />
    <property name="libs.javaee-api-6.0.src" value="" />
    <property name="netbeans.importclass" value="org.netbeans.upgrade.AutoUpgrade" />
    <property name="ant.project.default-target" value="default" />
    <property name="annotation.processing.run.all.processors" value="true" />
    <property name="libs.savaje-ant-utils.classpath" value="/usr/local/netbeans-7.1.2/mobility/modules/ext/org-netbeans-modules-j2me-cdc-project-savaje.jar" />
    <property name="libs.toplink.maven-pom" value="" />
    <property name="jar.archive.disabled" value="false" />
    <property name="jnlp.signing.alias" value="" />
    <property name="libs.DataBindingME.maven-pom" value="" />
    <property name="libs.PostgreSQLDriver.javadoc" value="" />
    <property name="libs.restlib.classpath" value="/usr/local/netbeans-7.1.2/enterprise/modules/ext/rest/asm-3.1.jar:/usr/local/netbeans-7.1.2/enterprise/modules/ext/rest/jackson-core-asl-1.7.1.jar:/usr/local/netbeans-7.1.2/enterprise/modules/ext/rest/jackson-jaxrs-1.7.1.jar:/usr/local/netbeans-7.1.2/enterprise/modules/ext/rest/jackson-mapper-asl-1.7.1.jar:/usr/local/netbeans-7.1.2/enterprise/modules/ext/rest/jackson-xc-1.7.1.jar:/usr/local/netbeans-7.1.2/enterprise/modules/ext/rest/jersey-apache-client-1.8.jar:/usr/local/netbeans-7.1.2/enterprise/modules/ext/rest/jersey-atom-abdera-1.8.jar:/usr/local/netbeans-7.1.2/enterprise/modules/ext/rest/jersey-client-1.8.jar:/usr/local/netbeans-7.1.2/enterprise/modules/ext/rest/jersey-core-1.8.jar:/usr/local/netbeans-7.1.2/enterprise/modules/ext/rest/jersey-guice-1.8.jar:/usr/local/netbeans-7.1.2/enterprise/modules/ext/rest/jersey-json-1.8.jar:/usr/local/netbeans-7.1.2/enterprise/modules/ext/rest/jersey-multipart-1.8.jar:/usr/local/netbeans-7.1.2/enterprise/modules/ext/rest/jersey-server-1.8.jar:/usr/local/netbeans-7.1.2/enterprise/modules/ext/rest/jersey-simple-server-1.8.jar:/usr/local/netbeans-7.1.2/enterprise/modules/ext/rest/jersey-spring-1.8.jar:/usr/local/netbeans-7.1.2/enterprise/modules/ext/rest/jettison-1.1.jar:/usr/local/netbeans-7.1.2/enterprise/modules/ext/rest/oauth-client-1.8.jar:/usr/local/netbeans-7.1.2/enterprise/modules/ext/rest/oauth-server-1.8.jar:/usr/local/netbeans-7.1.2/enterprise/modules/ext/rest/oauth-signature-1.8.jar:/usr/local/netbeans-7.1.2/ide/modules/ext/jaxb/activation.jar:/usr/local/netbeans-7.1.2/ide/modules/ext/jaxb/api/jaxb-api.jar:/usr/local/netbeans-7.1.2/ide/modules/ext/jaxb/api/jsr173_api.jar" />
    <property name="libs.JMUnit4CLDC11.javadoc" value="/usr/local/netbeans-7.1.2/mobility/modules/docs/jmunit-1.2.1-api.zip" />
    <property name="libs.MySQLDriver.maven-pom" value="" />
    <property name="libs.savaje-ant-utils.src" value="" />
    <property name="libs.junit_4.javadoc" value="/home/leontabak/.netbeans/7.1.2/docs/junit-4.10-javadoc.jar" />
    <property name="libs.spring-webmvc.javadoc" value="" />
    <property name="libs.toplink.src" value="" />
    <property name="libs.EclipseLink-GlassFish-v3.maven-pom" value="" />
    <property name="libs.javaee-web-api-6.0.maven-pom" value="" />
    <property name="libs.cdc-pp-awt-layout.classpath" value="/usr/local/netbeans-7.1.2/mobility/modules/ext/cdc-pp-awt-layout.jar" />
    <property name="libs.cdc-agui-swing-layout.src" value="/usr/local/netbeans-7.1.2/mobility/sources/cdc-agui-swing-layout-src.zip" />
    <property name="run.classpath" value=":build/classes" />
    <property name="libs.hibernate-support.src" value="" />
    <property name="libs.javaee-endorsed-api-6.0.javadoc" value="/usr/local/netbeans-7.1.2/enterprise/docs/javaee6-doc-api.zip" />
    <property name="libs.JMUnit4CLDC11.classpath" value="/usr/local/netbeans-7.1.2/mobility/modules/ext/jmunit4cldc11-1.2.1.jar" />
    <property name="libs.nb_svg_midp_components.classpath" value="/usr/local/netbeans-7.1.2/mobility/modules/ext/nb_svg_midp_components.jar" />
    <property name="libs.spring-webmvc3.0.javadoc" value="" />
    <property name="annotation.processing.enabled.in.editor" value="false" />
    <property name="libs.NetBeans MIDP Components PDA.classpath" value="/usr/local/netbeans-7.1.2/mobility/modules/ext/netbeans_midp_components_pda.jar" />
    <property name="libs.semc-ant-utils.maven-pom" value="" />
    <property name="libs.nokiadeployment.maven-pom" value="" />
    <property name="libs.restapi.src" value="" />
    <property name="libs.NetBeans MIDP Components.javadoc" value="/usr/local/netbeans-7.1.2/mobility/modules/docs/netbeans_midp_components_basic-api.zip" />
    <property name="sun.management.compiler" value="HotSpot 64-Bit Tiered Compilers" />
    <property name="javac.deprecation" value="false" />
    <property name="javadoc.use" value="true" />
    <property name="sun.java2d.noddraw" value="true" />
    <property name="libs.jsp-compiler.classpath" value="/usr/local/netbeans-7.1.2/enterprise/ant/extra/jspcompile.jar" />
    <property name="javac.processorpath" value="" />
    <property name="libs.spring-webmvc.classpath" value="/usr/local/netbeans-7.1.2/enterprise/modules/ext/spring/spring-webmvc-2.5.6.SEC03.jar" />
    <property name="javac.compilerargs" value="" />
    <property name="ant.file" value="/home/leontabak/NetBeansProjects/vector2d/build.xml" />
    <property name="libs.beans-binding.maven-pom" value="" />
    <property name="jnlp.codebase.type" value="no.codebase" />
    <property name="libs.jsf12.classpath" value="/usr/local/netbeans-7.1.2/enterprise/modules/ext/jsf-1_2/commons-beanutils.jar:/usr/local/netbeans-7.1.2/enterprise/modules/ext/jsf-1_2/commons-collections.jar:/usr/local/netbeans-7.1.2/enterprise/modules/ext/jsf-1_2/commons-digester.jar:/usr/local/netbeans-7.1.2/enterprise/modules/ext/jsf-1_2/commons-logging.jar:/usr/local/netbeans-7.1.2/enterprise/modules/ext/jsf-1_2/jsf-api.jar:/usr/local/netbeans-7.1.2/enterprise/modules/ext/jsf-1_2/jsf-impl.jar" />
    <property name="ant.file.vector2d-impl" value="/home/leontabak/NetBeansProjects/vector2d/nbproject/build-impl.xml" />
    <property name="libs.restapi.maven-pom" value="" />
    <property name="libs.beans-binding.src" value="" />
    <property name="libs.NetBeans MIDP Components PDA.javadoc" value="/usr/local/netbeans-7.1.2/mobility/modules/docs/netbeans_midp_components_pda-api.zip" />
    <property name="java.vm.specification.vendor" value="Oracle Corporation" />
    <property name="libs.DataBindingME-PIM.javadoc" value="/usr/local/netbeans-7.1.2/mobility/modules/docs/netbeans_databindingme_pim-api.zip" />
    <property name="libs.swing-layout.src" value="/usr/local/netbeans-7.1.2/platform/docs/swing-layout-1.0.4-src.zip" />
    <property name="libs.Java-EE-GlassFish-v3.embedabbleejb" value="" />
    <property name="libs.j2me_ant_ext.src" value="" />
    <property name="org.openide.major.version" value="IDE/1" />
    <property name="java.vm.name" value="Java HotSpot(TM) 64-Bit Server VM" />
    <property name="netbeans.user" value="/home/leontabak/.netbeans/7.1.2" />
    <property name="javadoc.additionalparam" value="-linksource" />
    <property name="jnlp.offline-allowed" value="false" />
    <property name="java.io.tmpdir" value="/tmp" />
    <property name="java.vendor.url" value="http://java.oracle.com/" />
    <property name="endorsed.classpath.cmd.line.arg" value="" />
    <property name="junit.available" value="true" />
    <property name="libs.jsp-compiler.src" value="" />
    <property name="sun.boot.library.path" value="/usr/local/java/jdk1.7.0_05/jre/lib/amd64" />
    <property name="have.sources" value="true" />
    <property name="debug.classpath" value=":build/classes" />
    <property name="javadoc.private" value="true" />
    <property name="test.src.dir" value="test" />
    <property name="libs.jsf20.classpath" value="/usr/local/netbeans-7.1.2/enterprise/modules/ext/jsf-2_1/jsf-api.jar:/usr/local/netbeans-7.1.2/enterprise/modules/ext/jsf-2_1/jsf-impl.jar" />
    <property name="ap.processors.internal" value="" />
    <property name="meta.inf.dir" value="src/META-INF" />
    <property name="javadoc.encoding.used" value="UTF-8" />
    <property name="libs.DataBindingME-SVG.src" value="/usr/local/netbeans-7.1.2/mobility/sources/netbeans_databindingme_svg-src.zip" />
    <property name="dist.jar" value="dist/vector2d.jar" />
    <property name="java.runtime.name" value="Java(TM) SE Runtime Environment" />
    <property name="ant.project.name" value="vector2d" />
    <property name="netbeans.hash.code" value="unique=NB_CND_GFMOD_GROOVY_JAVA_MOB_PHP_WEBEE026364547-1e5e-4652-b0dd-9bbe00b2abca_372385c4-dc4c-46d2-b580-34e34f2a1bc2" />
    <property name="libs.jsp-compilation-syscp.maven-pom" value="" />
    <property name="manifest.available-mkdist.available" value="true" />
    <property name="libs.j2me_ant_ext.maven-pom" value="" />
    <property name="sun.cpu.isalist" value="" />
    <property name="libs.CopyLibs.javadoc" value="" />
    <property name="org.openide.specification.version" value="6.2" />
    <property name="libs.DataBindingME-PIM.classpath" value="/usr/local/netbeans-7.1.2/mobility/modules/ext/netbeans_databindingme_pim.jar" />
    <property name="libs.hibernate-support.classpath" value="/usr/local/netbeans-7.1.2/java/modules/ext/hibernate/antlr-2.7.6.jar:/usr/local/netbeans-7.1.2/java/modules/ext/hibernate/asm.jar:/usr/local/netbeans-7.1.2/java/modules/ext/hibernate/asm-attrs.jar:/usr/local/netbeans-7.1.2/java/modules/ext/hibernate/cglib-2.1.3.jar:/usr/local/netbeans-7.1.2/java/modules/ext/hibernate/commons-collections-2.1.1.jar:/usr/local/netbeans-7.1.2/ide/modules/org-apache-commons-logging.jar:/usr/local/netbeans-7.1.2/java/modules/ext/hibernate/dom4j-1.6.1.jar:/usr/local/netbeans-7.1.2/java/modules/ext/hibernate/ehcache-1.2.3.jar:/usr/local/netbeans-7.1.2/java/modules/ext/hibernate/jdbc2_0-stdext.jar:/usr/local/netbeans-7.1.2/java/modules/ext/hibernate/jta.jar:/usr/local/netbeans-7.1.2/java/modules/ext/hibernate/hibernate3.jar:/usr/local/netbeans-7.1.2/java/modules/ext/hibernate/hibernate-tools.jar:/usr/local/netbeans-7.1.2/java/modules/ext/hibernate/hibernate-annotations.jar:/usr/local/netbeans-7.1.2/java/modules/ext/hibernate/hibernate-commons-annotations.jar:/usr/local/netbeans-7.1.2/java/modules/ext/hibernate/hibernate-entitymanager.jar:/usr/local/netbeans-7.1.2/java/modules/ext/hibernate/javassist.jar" />
    <property name="user.home" value="/home/leontabak" />
    <property name="annotation.processing.processors.list" value="" />
    <property name="debug-args-line" value="-Xdebug" />
    <property name="libs.primefaces.maven-pom" value="" />
    <property name="libs.NetBeans MIDP Components.classpath" value="/usr/local/netbeans-7.1.2/mobility/modules/ext/netbeans_midp_components_basic.jar" />
    <property name="libs.javaee-api-6.0.maven-pom" value="" />
    <property name="libs.JWSAntTasks.src" value="" />
    <property name="libs.CopyLibs.maven-pom" value="" />
    <property name="jar.index" value="false" />
    <property name="libs.absolutelayout.javadoc" value="" />
    <property name="libs.hibernate-persistence.maven-pom" value="" />
    <property name="libs.spring-framework300.javadoc" value="" />
    <property name="java.specification.name" value="Java Platform API Specification" />
    <property name="libs.NetBeans MIDP Components WMA.classpath" value="/usr/local/netbeans-7.1.2/mobility/modules/ext/netbeans_midp_components_wma.jar" />
    <property name="libs.jakarta_slide_ant_webdav.maven-pom" value="" />
    <property name="do.archive+main.class.available" value="true" />
    <property name="jnlp.mixed.code" value="default" />
    <property name="libs.sjmc-ant-utils.src" value="" />
    <property name="java.specification.vendor" value="Oracle Corporation" />
    <property name="libs.cdc-agui-swing-layout.javadoc" value="" />
    <property name="libs.javac-api.classpath" value="/usr/local/netbeans-7.1.2/java/modules/ext/javac-api-nb-7.0-b07.jar" />
    <property name="java.version" value="1.7.0_05" />
    <property name="libs.nokiaS80-ant-utils.classpath" value="/usr/local/netbeans-7.1.2/mobility/modules/ext/org-netbeans-modules-j2me-cdc-project-nokiaS80.jar" />
    <property name="javadoc.version" value="true" />
    <property name="libs.NetBeans MIDP Components WMA.javadoc" value="/usr/local/netbeans-7.1.2/mobility/modules/docs/netbeans_midp_components_wma-api.zip" />
    <property name="run.jvmargs.ide" value="" />
    <property name="libs.MySQLDriver.javadoc" value="" />
    <property name="org.openide.version" value="deprecated" />
    <property name="libs.restlib_gfv3ee6.maven-pom" value="" />
    <property name="source.encoding" value="UTF-8" />
    <property name="ap.cmd.line.internal" value="" />
    <property name="libs.eclipselinkmodelgen.maven-pom" value="" />
    <property name="libs.jsp-compilation-syscp.javadoc" value="" />
    <property name="libs.junit.maven-pom" value="" />
    <property name="libs.eclipselinkmodelgen.javadoc" value="" />
    <property name="libs.metro.javadoc" value="/usr/local/netbeans-7.1.2/enterprise/docs/metro-1.4-doc.zip" />
    <property name="libs.struts.maven-pom" value="" />
    <property name="netbeans.home+have.tests" value="true" />
    <property name="annotation.processing.processor.options" value="" />
    <property name="libs.jaxb.src" value="" />
    <property name="libs.Java-EE-GlassFish-v3.wsgenerate" value="" />
    <property name="work.dir" value="/home/leontabak/NetBeansProjects/vector2d" />
    <property name="libs.cdc-ant-utils.src" value="" />
    <property name="libs.jaxb.classpath" value="/usr/local/netbeans-7.1.2/ide/modules/ext/jaxb/jaxb-impl.jar:/usr/local/netbeans-7.1.2/ide/modules/ext/jaxb/jaxb-xjc.jar:/usr/local/netbeans-7.1.2/ide/modules/ext/jaxb/jaxb1-impl.jar:/usr/local/netbeans-7.1.2/ide/modules/ext/jaxb/activation.jar:/usr/local/netbeans-7.1.2/ide/modules/ext/jaxb/api/jaxb-api.jar:/usr/local/netbeans-7.1.2/ide/modules/ext/jaxb/api/jsr173_api.jar" />
    <property name="do.depend" value="false" />
    <property name="dist.javadoc.dir" value="dist/javadoc" />
    <property name="libs.spring-webmvc3.0.classpath" value="/usr/local/netbeans-7.1.2/java/modules/ext/spring-3.0/spring-webmvc-3.0.6.RELEASE.jar" />
    <property name="libs.swing-layout.classpath" value="/usr/local/netbeans-7.1.2/platform/modules/ext/swing-layout-1.0.4.jar" />
    <property name="libs.restlib.src" value="" />
    <property name="javac.source" value="1.7" />
    <property name="build.generated.dir" value="build/generated" />
    <property name="line.separator" value="&#xa;" />
    <property name="libs.hibernate-persistence.src" value="" />
    <property name="java.specification.version" value="1.7" />
    <property name="libs.nb_svg_midp_components.javadoc" value="/usr/local/netbeans-7.1.2/mobility/modules/docs/nb_svg_midp_components-api.zip" />
    <property name="java.vm.info" value="mixed mode" />
    <property name="libs.jaxws21.maven-pom" value="" />
    <property name="libs.cdc-ant-utils.javadoc" value="" />
    <property name="nb.junit.batch" value="true" />
    <property name="junit.forkmode" value="perTest" />
    <property name="ant.file.type.vector2d-impl" value="file" />
    <property name="libs.ojec-ant-utils.classpath" value="/usr/local/netbeans-7.1.2/mobility/modules/ext/org-netbeans-modules-j2me-cdc-project-ojec.jar" />
    <property name="libs.spring-framework.maven-pom" value="" />
    <property name="sun.boot.class.path" value="/usr/local/java/jdk1.7.0_05/jre/lib/resources.jar:/usr/local/java/jdk1.7.0_05/jre/lib/rt.jar:/usr/local/java/jdk1.7.0_05/jre/lib/sunrsasign.jar:/usr/local/java/jdk1.7.0_05/jre/lib/jsse.jar:/usr/local/java/jdk1.7.0_05/jre/lib/jce.jar:/usr/local/java/jdk1.7.0_05/jre/lib/charsets.jar:/usr/local/java/jdk1.7.0_05/jre/lib/jfr.jar:/usr/local/java/jdk1.7.0_05/jre/classes" />
    <property name="javac.target" value="1.7" />
    <property name="built-jar.properties" value="/home/leontabak/NetBeansProjects/vector2d/build/built-jar.properties" />
    <property name="build.test.classes.dir" value="build/test/classes" />
    <property name="src.dir" value="src" />
    <property name="annotation.processing.enabled" value="true" />
    <property name="libs.jsf20.src" value="" />
    <property name="libs.DataBindingME-SVG.maven-pom" value="" />
    <property name="libs.jsf12.src" value="" />
    <property name="libs.nokiadeployment.src" value="" />
    <property name="libs.savaje-ant-utils.javadoc" value="" />
    <property name="libs.struts.javadoc" value="/usr/local/netbeans-7.1.2/enterprise/docs/struts-1.3.10-javadoc.zip" />
    <property name="ignore.failing.tests" value="true" />
    <property name="libs.cdc-ant-utils.maven-pom" value="" />
    <property name="libs.Comet-GlassFish-v3.classpath" value="/usr/local/glassfish-3.1.2/glassfish/modules/grizzly-comet.jar" />
    <property name="libs.restlib_gfv3ee6.javadoc" value="/usr/local/netbeans-7.1.2/enterprise/docs/jsr311-api-1.1.1-javadoc.zip" />
    <property name="libs.primefaces.src" value="" />
    <property name="libs.cdc-agui-swing-layout.classpath" value="/usr/local/netbeans-7.1.2/mobility/modules/ext/cdc-agui-swing-layout.jar" />
    <property name="dist.dir" value="dist" />
    <property name="libs.groovy-all.javadoc" value="" />
    <property name="do.archive+manifest.available+main.class" value="true" />
    <property name="testng.debug.mode" value="" />
    <property name="libs.groovy-all.classpath" value="/usr/local/netbeans-7.1.2/groovy/modules/ext/groovy-all.jar" />
    <property name="javac.fork" value="false" />
    <property name="libs.sjmc-ant-utils.classpath" value="/usr/local/netbeans-7.1.2/mobility/modules/ext/org-netbeans-modules-j2me-cdc-project-sjmc.jar" />
    <property name="java.awt.printerjob" value="sun.print.PSPrinterJob" />
    <property name="libs.JMUnit4CLDC10.classpath" value="/usr/local/netbeans-7.1.2/mobility/modules/ext/jmunit4cldc10-1.2.1.jar" />
    <property name="default.javac.source" value="1.7" />
    <property name="debug-transport-by-os" value="dt_socket" />
    <property name="libs.MySQLDriver.src" value="" />
    <property name="sun.jnu.encoding" value="UTF-8" />
    <property name="libs.ant-contrib.maven-pom" value="" />
    <property name="ant.file.type.vector2d" value="file" />
    <property name="libs.nokiadeployment.javadoc" value="" />
    <property name="build.test.results.dir" value="build/test/results" />
    <property name="java.runtime.version" value="1.7.0_05-b05" />
    <property name="ant.file.vector2d" value="/home/leontabak/NetBeansProjects/vector2d/build.xml" />
    <property name="libs.ejb3-persistence.javadoc" value="" />
    <property name="libs.NetBeans MIDP Components.src" value="/usr/local/netbeans-7.1.2/mobility/sources/netbeans_midp_components_basic-src.zip" />
    <property name="jna.platform.library.path" value="/lib64" />
    <property name="manifest.available+main.class+mkdist.available" value="true" />
    <property name="libs.sjmc-ant-utils.javadoc" value="" />
    <property name="default.javac.target" value="1.7" />
    <property name="libs.Java-EE-GlassFish-v3.src" value="" />
    <property name="libs.junit_4.classpath" value="/home/leontabak/.netbeans/7.1.2/modules/ext/junit-4.10.jar" />
    <property name="user.timezone" value="" />
    <property name="nb.junit.single" value="false" />
    <property name="do.jar" value="true" />
    <property name="libs.ant-contrib.src" value="" />
    <property name="libs.javaee-endorsed-api-6.0.maven-pom" value="" />
    <property name="netbeans.dirs" value="/usr/local/netbeans-7.1.2/nb:/usr/local/netbeans-7.1.2/ergonomics:/usr/local/netbeans-7.1.2/ide:/usr/local/netbeans-7.1.2/java:/usr/local/netbeans-7.1.2/apisupport:/usr/local/netbeans-7.1.2/bin/../webcommon:/usr/local/netbeans-7.1.2/websvccommon:/usr/local/netbeans-7.1.2/enterprise:/usr/local/netbeans-7.1.2/mobility:/usr/local/netbeans-7.1.2/profiler:/usr/local/netbeans-7.1.2/bin/../python:/usr/local/netbeans-7.1.2/php:/usr/local/netbeans-7.1.2/bin/../identity:/usr/local/netbeans-7.1.2/harness:/usr/local/netbeans-7.1.2/cnd:/usr/local/netbeans-7.1.2/dlight:/usr/local/netbeans-7.1.2/groovy:/usr/local/netbeans-7.1.2/bin/../extra:/usr/local/netbeans-7.1.2/bin/../javacard:/usr/local/netbeans-7.1.2/javafx:" />
    <property name="libs.jsf20.javadoc" value="/usr/local/netbeans-7.1.2/enterprise/docs/javaee6-doc-api.zip" />
    <property name="libs.restlib_gfv3ee6.src" value="" />
    <property name="java.ext.dirs" value="/usr/local/java/jdk1.7.0_05/jre/lib/ext:/usr/java/packages/lib/ext" />
    <property name="libs.metro.src" value="" />
    <property name="endorsed.classpath" value="" />
    <property name="libs.semc-ant-utils.src" value="" />
    <property name="libs.savaje-ant-utils.maven-pom" value="" />
    <property name="libs.absolutelayout.classpath" value="/usr/local/netbeans-7.1.2/java/modules/ext/AbsoluteLayout.jar" />
    <property name="excludes" value="" />
    <property name="libs.restlib.maven-pom" value="" />
    <property name="libs.metro.classpath" value="/usr/local/netbeans-7.1.2/ide/modules/ext/jaxb/activation.jar:/usr/local/netbeans-7.1.2/enterprise/modules/ext/metro/webservices-api.jar:/usr/local/netbeans-7.1.2/enterprise/modules/ext/metro/webservices-extra-api.jar:/usr/local/netbeans-7.1.2/enterprise/modules/ext/metro/webservices-extra.jar:/usr/local/netbeans-7.1.2/enterprise/modules/ext/metro/webservices-rt.jar:/usr/local/netbeans-7.1.2/enterprise/modules/ext/metro/webservices-tools.jar" />
    <property name="libs.DataBindingME.javadoc" value="/usr/local/netbeans-7.1.2/mobility/modules/docs/netbeans_databindingme-api.zip" />
    <property name="java.class.path" value="/home/leontabak/NetBeansProjects/vector2d/build/classes:/home/leontabak/.netbeans/7.1.2/modules/ext/junit-4.10.jar:/home/leontabak/NetBeansProjects/vector2d/build/test/classes:/usr/local/netbeans-7.1.2/java/ant/lib/ant-launcher.jar:/usr/local/netbeans-7.1.2/java/ant/lib/ant.jar:/usr/local/netbeans-7.1.2/java/ant/lib/ant-junit.jar:/usr/local/netbeans-7.1.2/java/ant/lib/ant-junit4.jar" />
    <property name="apple.laf.useScreenMenuBar" value="true" />
    <property name="do.mkdist" value="true" />
    <property name="libs.absolutelayout.src" value="" />
    <property name="libs.cdc-pp-awt-layout.maven-pom" value="" />
    <property name="os.version" value="3.2.0-48-generic" />
    <property name="application.args" value="" />
    <property name="libs.EclipseLink-GlassFish-v3.javadoc" value="/usr/local/netbeans-7.1.2/enterprise/docs/javaee6-doc-api.zip" />
    <property name="main.class.available" value="true" />
    <property name="libs.JMUnit4CLDC11.maven-pom" value="" />
    <property name="sun.awt.enableExtraMouseButtons" value="true" />
    <property name="libs.toplink.javadoc" value="" />
    <property name="sun.desktop" value="gnome" />
    <property name="libs.nb_svg_midp_components.maven-pom" value="" />
    <property name="libs.Comet-GlassFish-v3.src" value="" />
    <property name="libs.NetBeans MIDP Components PDA.maven-pom" value="" />
    <property name="libs.restlib.javadoc" value="/usr/local/netbeans-7.1.2/enterprise/docs/jersey-1.8-javadoc.zip:/usr/local/netbeans-7.1.2/enterprise/docs/jersey-apache-client-1.8-javadoc.zip:/usr/local/netbeans-7.1.2/enterprise/docs/jersey-atom-abdera-1.8-javadoc.zip:/usr/local/netbeans-7.1.2/enterprise/docs/jersey-guice-1.8-javadoc.zip:/usr/local/netbeans-7.1.2/enterprise/docs/jersey-multipart-1.8-javadoc.zip:/usr/local/netbeans-7.1.2/enterprise/docs/jersey-simple-server-1.8-javadoc.zip:/usr/local/netbeans-7.1.2/enterprise/docs/jersey-spring-1.8-javadoc.zip:/usr/local/netbeans-7.1.2/enterprise/docs/oauth-client-1.8-javadoc.zip:/usr/local/netbeans-7.1.2/enterprise/docs/oauth-server-1.8-javadoc.zip:/usr/local/netbeans-7.1.2/enterprise/docs/oauth-signature-1.8-javadoc.zip" />
    <property name="libs.JAXB-ENDORSED.classpath" value="/usr/local/netbeans-7.1.2/ide/modules/ext/jaxb/api/jaxb-api.jar" />
    <property name="libs.eclipselink.classpath" value="/usr/local/netbeans-7.1.2/java/modules/ext/eclipselink/eclipselink-2.3.0.jar:/usr/local/netbeans-7.1.2/java/modules/ext/eclipselink/javax.persistence-2.0.jar:/usr/local/netbeans-7.1.2/java/modules/ext/eclipselink/org.eclipse.persistence.jpa.jpql_1.0.0.jar" />
    <property name="libs.beans-binding.javadoc" value="/usr/local/netbeans-7.1.2/java/docs/beansbinding-1.2.1-doc.zip" />
    <property name="java.awt.graphicsenv" value="sun.awt.X11GraphicsEnvironment" />
    <property name="libs.Java-EE-GlassFish-v3.classpath" value="/usr/local/glassfish-3.1.2/glassfish/modules/weld-osgi-bundle.jar:/usr/local/glassfish-3.1.2/glassfish/modules/javax.security.auth.message.jar:/usr/local/glassfish-3.1.2/glassfish/modules/javax.faces.jar:/usr/local/glassfish-3.1.2/glassfish/modules/javax.security.jacc.jar:/usr/local/glassfish-3.1.2/glassfish/modules/javax.transaction.jar:/usr/local/glassfish-3.1.2/glassfish/modules/javax.jms.jar:/usr/local/glassfish-3.1.2/glassfish/modules/jaxb-osgi.jar:/usr/local/glassfish-3.1.2/mq/lib/jaxm-api.jar:/usr/local/glassfish-3.1.2/glassfish/modules/javax.enterprise.deploy.jar:/usr/local/glassfish-3.1.2/glassfish/modules/javax.resource.jar:/usr/local/glassfish-3.1.2/glassfish/modules/webservices-osgi.jar:/usr/local/glassfish-3.1.2/glassfish/modules/javax.servlet.jsp.jstl-api.jar:/usr/local/glassfish-3.1.2/glassfish/modules/javax.persistence.jar:/usr/local/glassfish-3.1.2/glassfish/modules/javax.mail.jar:/usr/local/glassfish-3.1.2/glassfish/modules/endorsed/jaxb-api-osgi.jar:/usr/local/glassfish-3.1.2/glassfish/modules/javax.ejb.jar:/usr/local/glassfish-3.1.2/glassfish/modules/javax.management.j2ee.jar:/usr/local/glassfish-3.1.2/glassfish/modules/javax.el-api.jar:/usr/local/glassfish-3.1.2/glassfish/modules/endorsed/javax.annotation.jar:/usr/local/glassfish-3.1.2/glassfish/modules/javax.servlet.jsp-api.jar:/usr/local/glassfish-3.1.2/glassfish/modules/javax.servlet-api.jar:/usr/local/glassfish-3.1.2/glassfish/modules/endorsed/webservices-api-osgi.jar:/usr/local/glassfish-3.1.2/glassfish/modules/bean-validator.jar:/usr/local/glassfish-3.1.2/glassfish/modules/jersey-core.jar:/usr/local/glassfish-3.1.2/glassfish/modules/web-core.jar:/usr/local/glassfish-3.1.2/glassfish/modules/jackson-core-asl.jar:/usr/local/glassfish-3.1.2/glassfish/modules/jackson-jaxrs.jar:/usr/local/glassfish-3.1.2/glassfish/modules/jackson-mapper-asl.jar:/usr/local/glassfish-3.1.2/glassfish/modules/jersey-client.jar:/usr/local/glassfish-3.1.2/glassfish/modules/jersey-core.jar:/usr/local/glassfish-3.1.2/glassfish/modules/jersey-gf-server.jar:/usr/local/glassfish-3.1.2/glassfish/modules/jersey-json.jar:/usr/local/glassfish-3.1.2/glassfish/modules/jersey-multipart.jar:/usr/local/glassfish-3.1.2/glassfish/modules/jettison.jar:/usr/local/glassfish-3.1.2/glassfish/modules/mimepull.jar" />
    <property name="java.vm.vendor" value="Oracle Corporation" />
    <property name="libs.CopyLibs.classpath" value="/usr/local/netbeans-7.1.2/java/ant/extra/org-netbeans-modules-java-j2seproject-copylibstask.jar" />
    <property name="libs.spring-framework300.classpath" value="/usr/local/netbeans-7.1.2/ide/modules/org-apache-commons-logging.jar:/usr/local/netbeans-7.1.2/java/modules/ext/cglib-2.2.jar:/usr/local/netbeans-7.1.2/java/modules/ext/spring-3.0/spring-aop-3.0.6.RELEASE.jar:/usr/local/netbeans-7.1.2/java/modules/ext/spring-3.0/spring-asm-3.0.6.RELEASE.jar:/usr/local/netbeans-7.1.2/java/modules/ext/spring-3.0/spring-aspects-3.0.6.RELEASE.jar:/usr/local/netbeans-7.1.2/java/modules/ext/spring-3.0/spring-beans-3.0.6.RELEASE.jar:/usr/local/netbeans-7.1.2/java/modules/ext/spring-3.0/spring-context-3.0.6.RELEASE.jar:/usr/local/netbeans-7.1.2/java/modules/ext/spring-3.0/spring-context-support-3.0.6.RELEASE.jar:/usr/local/netbeans-7.1.2/java/modules/ext/spring-3.0/spring-core-3.0.6.RELEASE.jar:/usr/local/netbeans-7.1.2/java/modules/ext/spring-3.0/spring-expression-3.0.6.RELEASE.jar:/usr/local/netbeans-7.1.2/java/modules/ext/spring-3.0/spring-instrument-3.0.6.RELEASE.jar:/usr/local/netbeans-7.1.2/java/modules/ext/spring-3.0/spring-instrument-tomcat-3.0.6.RELEASE.jar:/usr/local/netbeans-7.1.2/java/modules/ext/spring-3.0/spring-jdbc-3.0.6.RELEASE.jar:/usr/local/netbeans-7.1.2/java/modules/ext/spring-3.0/spring-jms-3.0.6.RELEASE.jar:/usr/local/netbeans-7.1.2/java/modules/ext/spring-3.0/spring-orm-3.0.6.RELEASE.jar:/usr/local/netbeans-7.1.2/java/modules/ext/spring-3.0/spring-oxm-3.0.6.RELEASE.jar:/usr/local/netbeans-7.1.2/java/modules/ext/spring-3.0/spring-test-3.0.6.RELEASE.jar:/usr/local/netbeans-7.1.2/java/modules/ext/spring-3.0/spring-tx-3.0.6.RELEASE.jar:/usr/local/netbeans-7.1.2/java/modules/ext/spring-3.0/spring-web-3.0.6.RELEASE.jar:/usr/local/netbeans-7.1.2/java/modules/ext/spring-3.0/spring-webmvc-portlet-3.0.6.RELEASE.jar:/usr/local/netbeans-7.1.2/java/modules/ext/spring-3.0/spring-webmvc-3.0.6.RELEASE.jar:/usr/local/netbeans-7.1.2/java/modules/ext/spring-3.0/spring-struts-3.0.6.RELEASE.jar" />
    <property name="libs.jsp-compiler.maven-pom" value="" />
    <property name="libs.Java-EE-GlassFish-v3.wsinterop" value="" />
    <property name="libs.spring-webmvc.maven-pom" value="" />
    <property name="run.jvmargs" value="" />
    <property name="libs.ejb3-persistence.classpath" value="/usr/local/netbeans-7.1.2/java/modules/ext/hibernate/ejb3-persistence.jar" />
    <property name="libs.JAXB-ENDORSED.src" value="" />
    <property name="libs.spring-framework.javadoc" value="" />
    <property name="libs.DataBindingME-PIM.src" value="/usr/local/netbeans-7.1.2/mobility/sources/netbeans_databindingme_pim-src.zip" />
    <property name="libs.PostgreSQLDriver.classpath" value="/usr/local/netbeans-7.1.2/ide/modules/ext/postgresql-8.3-603.jdbc3.jar" />
    <property name="libs.jsf12.maven-pom" value="" />
    <property name="jnlp.signing" value="" />
    <property name="libs.junit.src" value="" />
    <property name="annotation.processing.source.output" value="build/generated-sources/ap-source-output" />
    <property name="jnlp.signed" value="false" />
    <property name="main.class" value="vector2d.CatsCradle" />
    <property name="libs.CopyLibs.src" value="" />
    <property name="build.dir" value="build" />
    <property name="libs.jsp-compilation.classpath" value="/usr/local/netbeans-7.1.2/java/ant/lib/ant.jar:/usr/local/netbeans-7.1.2/enterprise/modules/ext/servlet3.0-jsp2.2-api.jar:/usr/local/netbeans-7.1.2/enterprise/modules/ext/glassfish-jspparser-3.0.jar:/usr/local/netbeans-7.1.2/enterprise/modules/ext/jsf-2_1/jsf-api.jar:/usr/local/netbeans-7.1.2/enterprise/modules/ext/jstl.jar:/usr/local/netbeans-7.1.2/java/ant/lib/ant-launcher.jar" />
    <property name="ant.version" value="Apache Ant(TM) version 1.8.3 compiled on February 26 2012" />
    <property name="file.encoding" value="UTF-8" />
    <property name="build.classes.excludes" value="**/*.java,**/*.form" />
    <property name="javadoc.nonavbar" value="false" />
    <property name="jdkBug6558476" value="false" />
    <property name="platform.active" value="default_platform" />
    <property name="awt.toolkit" value="sun.awt.X11.XToolkit" />
  </properties>
  <testcase classname="vector2d.Vector2DTest" name="testDot" time="0.006">
    <failure message="expected:&lt;25.0&gt; but was:&lt;0.0&gt;" type="junit.framework.AssertionFailedError">junit.framework.AssertionFailedError: expected:&lt;25.0&gt; but was:&lt;0.0&gt;
	at vector2d.Vector2DTest.testDot(Vector2DTest.java:53)
</failure>
  </testcase>
  <testcase classname="vector2d.Vector2DTest" name="testGetX" time="0.001">
    <failure message="expected:&lt;3.0&gt; but was:&lt;0.0&gt;" type="junit.framework.AssertionFailedError">junit.framework.AssertionFailedError: expected:&lt;3.0&gt; but was:&lt;0.0&gt;
	at vector2d.Vector2DTest.testGetX(Vector2DTest.java:69)
</failure>
  </testcase>
  <testcase classname="vector2d.Vector2DTest" name="testScale" time="0.0" />
  <testcase classname="vector2d.Vector2DTest" name="testAdd" time="0.0" />
  <testcase classname="vector2d.Vector2DTest" name="testMagnitude" time="0.001">
    <failure message="expected:&lt;5.0&gt; but was:&lt;0.0&gt;" type="junit.framework.AssertionFailedError">junit.framework.AssertionFailedError: expected:&lt;5.0&gt; but was:&lt;0.0&gt;
	at vector2d.Vector2DTest.testMagnitude(Vector2DTest.java:61)
</failure>
  </testcase>
  <testcase classname="vector2d.Vector2DTest" name="testGetY" time="0.001">
    <failure message="expected:&lt;4.0&gt; but was:&lt;0.0&gt;" type="junit.framework.AssertionFailedError">junit.framework.AssertionFailedError: expected:&lt;4.0&gt; but was:&lt;0.0&gt;
	at vector2d.Vector2DTest.testGetY(Vector2DTest.java:77)
</failure>
  </testcase>
  <testcase classname="vector2d.Vector2DTest" name="testToString" time="0.003">
    <failure message="expected:&lt;[(3.0, 4.0)]&gt; but was:&lt;[]&gt;" type="junit.framework.AssertionFailedError">junit.framework.AssertionFailedError: expected:&lt;[(3.0, 4.0)]&gt; but was:&lt;[]&gt;
	at vector2d.Vector2DTest.testToString(Vector2DTest.java:85)
</failure>
  </testcase>
  <testcase classname="vector2d.Vector2DTest" name="testRotate" time="0.0" />
  <system-out><![CDATA[]]></system-out>
  <system-err><![CDATA[]]></system-err>
</testsuite>
