<?xml version="1.0" encoding="UTF-8" ?>
<testsuite errors="0" failures="0" hostname="orgho-S210" name="shading.Vector3DTest" skipped="0" tests="10" time="0.108" timestamp="2016-03-28T01:18:44">
  <properties>
    <property name="libs.jsp-compiler.javadoc" value="" />
    <property name="netbeans.autoupdate.country" value="US" />
    <property name="nb.wait.for.caches" value="true" />
    <property name="javac.test.classpath" value=":build/classes:/home/orgho/netbeans-8.1/platform/modules/ext/junit-4.12.jar:/home/orgho/netbeans-8.1/platform/modules/ext/hamcrest-core-1.3.jar" />
    <property name="libs.jsf20.maven-pom" value="" />
    <property name="libs.spring-webmvc4.0.src" value="" />
    <property name="ant.core.lib" value="/home/orgho/netbeans-8.1/extide/ant/lib/ant.jar" />
    <property name="javadoc.windowtitle" value="" />
    <property name="libs.jsp-compilation.javadoc" value="" />
    <property name="user.dir" value="/home/orgho/Documents/CSC-144/shading" />
    <property name="libs.javaee-api-7.0.src" value="" />
    <property name="ant.file.type.shading" value="file" />
    <property name="java.vm.version" value="25.74-b02" />
    <property name="libs.MySQLDriver.classpath" value="/home/orgho/netbeans-8.1/ide/modules/ext/mysql-connector-java-5.1.23-bin.jar" />
    <property name="libs.eclipselinkmodelgen.src" value="" />
    <property name="javadoc.notree" value="false" />
    <property name="netbeans.autoupdate.version" value="1.23" />
    <property name="libs.javaee-web-api-6.0.classpath" value="/home/orgho/netbeans-8.1/enterprise/modules/ext/javaee-web-api-6.0.jar" />
    <property name="javac.profile.cmd.line.arg" value="" />
    <property name="jdk.home" value="/usr/lib/jvm/java-8-oracle" />
    <property name="libs.javac-api.src" value="" />
    <property name="javadoc.noindex" value="false" />
    <property name="libs.jpa2-persistence.classpath" value="/home/orgho/netbeans-8.1/java/modules/ext/hibernate4/hibernate-jpa-2.1-api-1.0.0.Final.jar" />
    <property name="sun.os.patch.level" value="unknown" />
    <property name="do.archive+manifest.available" value="true" />
    <property name="java.vm.specification.name" value="Java Virtual Machine Specification" />
    <property name="nb.show.statistics.ui" value="usageStatisticsEnabled" />
    <property name="netbeans.autoupdate.variant" value="" />
    <property name="have.tests" value="true" />
    <property name="org.xml.sax.driver" value="com.sun.org.apache.xerces.internal.jaxp.SAXParserImpl$JAXPSAXParser" />
    <property name="libs.hamcrest.classpath" value="/home/orgho/netbeans-8.1/platform/modules/ext/hamcrest-core-1.3.jar" />
    <property name="libs.javac-api.javadoc" value="" />
    <property name="os.name" value="Linux" />
    <property name="libs.beans-binding.classpath" value="/home/orgho/netbeans-8.1/java/modules/ext/beansbinding-1.2.1.jar" />
    <property name="libs.javaee-endorsed-api-7.0.maven-pom" value="" />
    <property name="ap.proc.none.internal" value="" />
    <property name="libs.restapi.javadoc" value="" />
    <property name="libs.JWSAntTasks.maven-pom" value="" />
    <property name="libs.jstl.classpath" value="/home/orgho/netbeans-8.1/enterprise/modules/ext/jstl-impl.jar:/home/orgho/netbeans-8.1/enterprise/modules/ext/jstl-api.jar" />
    <property name="libs.testng.src" value="" />
    <property name="libs.spring-webmvc3.0.src" value="" />
    <property name="libs.restapi.classpath" value="/home/orgho/netbeans-8.1/enterprise/modules/ext/jaxrs-2.0/javax.ws.rs-api-2.0.jar" />
    <property name="java.vendor.url.bug" value="http://bugreport.sun.com/bugreport/" />
    <property name="libs.jaxb.maven-pom" value="" />
    <property name="os.arch" value="amd64" />
    <property name="libs.eclipselink.src" value="" />
    <property name="user.name" value="orgho" />
    <property name="libs.jsf12.javadoc" value="/home/orgho/netbeans-8.1/enterprise/docs/javaee-doc-api.jar" />
    <property name="copylibs.rebase" value="true" />
    <property name="libs.spring-webmvc3.0.maven-pom" value="" />
    <property name="libs.swing-layout.maven-pom" value="" />
    <property name="sun.java.command" value="org.apache.tools.ant.taskdefs.optional.junit.JUnitTestRunner shading.Vector3DTest skipNonTests=false filtertrace=true haltOnError=false haltOnFailure=false showoutput=true outputtoformatters=true logfailedtests=true threadid=0 logtestlistenerevents=true formatter=org.apache.tools.ant.taskdefs.optional.junit.BriefJUnitResultFormatter formatter=org.apache.tools.ant.taskdefs.optional.junit.XMLJUnitResultFormatter,/home/orgho/Documents/CSC-144/shading/build/test/results/TEST-shading.Vector3DTest.xml crashfile=/home/orgho/Documents/CSC-144/shading/build/junitvmwatcher7497042013782926437.properties propsfile=/home/orgho/Documents/CSC-144/shading/build/junit7815207797249151584.properties" />
    <property name="build.classes.dir" value="build/classes" />
    <property name="netbeans.accept_license_class" value="org.netbeans.license.AcceptLicense" />
    <property name="build.sysclasspath" value="ignore" />
    <property name="ap.supported.internal" value="true" />
    <property name="java.failonerror" value="true" />
    <property name="libs.javaee-endorsed-api-7.0.javadoc" value="/home/orgho/netbeans-8.1/enterprise/docs/javaee-doc-api.jar" />
    <property name="libs.jaxws21.javadoc" value="/home/orgho/netbeans-8.1/java/docs/jaxws-api-doc.zip" />
    <property name="libs.spring-webmvc4.0.javadoc" value="" />
    <property name="includes" value="**" />
    <property name="user.country" value="US" />
    <property name="manifest.file" value="manifest.mf" />
    <property name="javadoc.encoding" value="UTF-8" />
    <property name="platform.home" value="/usr/lib/jvm/java-8-oracle" />
    <property name="javac.classpath" value="" />
    <property name="libs.jsp-compilation-syscp.src" value="" />
    <property name="libs.spring-framework400.classpath" value="/home/orgho/netbeans-8.1/ide/modules/org-apache-commons-logging.jar:/home/orgho/netbeans-8.1/java/modules/ext/cglib-2.2.jar:/home/orgho/netbeans-8.1/java/modules/ext/spring-4/spring-aop-4.0.1.RELEASE.jar:/home/orgho/netbeans-8.1/java/modules/ext/spring-4/spring-aspects-4.0.1.RELEASE.jar:/home/orgho/netbeans-8.1/java/modules/ext/spring-4/spring-beans-4.0.1.RELEASE.jar:/home/orgho/netbeans-8.1/java/modules/ext/spring-4/spring-build-src-4.0.1.RELEASE.jar:/home/orgho/netbeans-8.1/java/modules/ext/spring-4/spring-context-4.0.1.RELEASE.jar:/home/orgho/netbeans-8.1/java/modules/ext/spring-4/spring-context-support-4.0.1.RELEASE.jar:/home/orgho/netbeans-8.1/java/modules/ext/spring-4/spring-core-4.0.1.RELEASE.jar:/home/orgho/netbeans-8.1/java/modules/ext/spring-4/spring-expression-4.0.1.RELEASE.jar:/home/orgho/netbeans-8.1/java/modules/ext/spring-4/spring-framework-bom-4.0.1.RELEASE.jar:/home/orgho/netbeans-8.1/java/modules/ext/spring-4/spring-instrument-4.0.1.RELEASE.jar:/home/orgho/netbeans-8.1/java/modules/ext/spring-4/spring-instrument-tomcat-4.0.1.RELEASE.jar:/home/orgho/netbeans-8.1/java/modules/ext/spring-4/spring-jdbc-4.0.1.RELEASE.jar:/home/orgho/netbeans-8.1/java/modules/ext/spring-4/spring-jms-4.0.1.RELEASE.jar:/home/orgho/netbeans-8.1/java/modules/ext/spring-4/spring-messaging-4.0.1.RELEASE.jar:/home/orgho/netbeans-8.1/java/modules/ext/spring-4/spring-orm-4.0.1.RELEASE.jar:/home/orgho/netbeans-8.1/java/modules/ext/spring-4/spring-oxm-4.0.1.RELEASE.jar:/home/orgho/netbeans-8.1/java/modules/ext/spring-4/spring-test-4.0.1.RELEASE.jar:/home/orgho/netbeans-8.1/java/modules/ext/spring-4/spring-tx-4.0.1.RELEASE.jar:/home/orgho/netbeans-8.1/java/modules/ext/spring-4/spring-web-4.0.1.RELEASE.jar:/home/orgho/netbeans-8.1/java/modules/ext/spring-4/spring-webmvc-4.0.1.RELEASE.jar:/home/orgho/netbeans-8.1/java/modules/ext/spring-4/spring-webmvc-portlet-4.0.1.RELEASE.jar:/home/orgho/netbeans-8.1/java/modules/ext/spring-4/spring-websocket-4.0.1.RELEASE.jar" />
    <property name="platform.bootcp" value="/usr/lib/jvm/java-8-oracle/jre/lib/resources.jar:/usr/lib/jvm/java-8-oracle/jre/lib/rt.jar:/usr/lib/jvm/java-8-oracle/jre/lib/sunrsasign.jar:/usr/lib/jvm/java-8-oracle/jre/lib/jsse.jar:/usr/lib/jvm/java-8-oracle/jre/lib/jce.jar:/usr/lib/jvm/java-8-oracle/jre/lib/charsets.jar:/usr/lib/jvm/java-8-oracle/jre/lib/jfr.jar:/usr/lib/jvm/java-8-oracle/jre/classes:/usr/lib/jvm/java-8-oracle/jre/lib/ext/sunec.jar:/usr/lib/jvm/java-8-oracle/jre/lib/ext/nashorn.jar:/usr/lib/jvm/java-8-oracle/jre/lib/ext/jfxrt.jar:/usr/lib/jvm/java-8-oracle/jre/lib/ext/sunjce_provider.jar:/usr/lib/jvm/java-8-oracle/jre/lib/ext/localedata.jar:/usr/lib/jvm/java-8-oracle/jre/lib/ext/sunpkcs11.jar:/usr/lib/jvm/java-8-oracle/jre/lib/ext/jaccess.jar:/usr/lib/jvm/java-8-oracle/jre/lib/ext/dnsns.jar:/usr/lib/jvm/java-8-oracle/jre/lib/ext/cldrdata.jar:/usr/lib/jvm/java-8-oracle/jre/lib/ext/zipfs.jar" />
    <property name="debug-transport" value="dt_socket" />
    <property name="netbeans.home" value="/home/orgho/netbeans-8.1/platform" />
    <property name="build.compiler.emacs" value="true" />
    <property name="libs.javaee-web-api-6.0.src" value="" />
    <property name="libs.jsp-compilation-syscp.classpath" value="/home/orgho/netbeans-8.1/extide/ant/lib/ant.jar:/home/orgho/netbeans-8.1/enterprise/modules/ext/servlet3.1-jsp2.3-api.jar:/home/orgho/netbeans-8.1/enterprise/modules/ext/glassfish-jspparser-4.0.jar:/home/orgho/netbeans-8.1/enterprise/modules/ext/jstl-impl.jar:/home/orgho/netbeans-8.1/enterprise/modules/ext/jsf-2_2/javax.faces.jar" />
    <property name="java.endorsed.dirs" value="/usr/lib/jvm/java-8-oracle/jre/lib/endorsed" />
    <property name="netbeans.dynamic.classpath" value="/home/orgho/netbeans-8.1/platform/core/org-openide-filesystems.jar:/home/orgho/netbeans-8.1/platform/core/org-netbeans-libs-asm.jar:/home/orgho/netbeans-8.1/platform/core/org-openide-filesystems-compat8.jar:/home/orgho/netbeans-8.1/platform/core/core.jar:/home/orgho/netbeans-8.1/platform/core/asm-all-5.0.1.jar:/home/orgho/netbeans-8.1/platform/core/core-base.jar:/home/orgho/netbeans-8.1/platform/core/locale/org-openide-filesystems_ru.jar:/home/orgho/netbeans-8.1/platform/core/locale/core_pt_BR.jar:/home/orgho/netbeans-8.1/platform/core/locale/org-netbeans-libs-asm_zh_CN.jar:/home/orgho/netbeans-8.1/platform/core/locale/org-openide-filesystems_zh_CN.jar:/home/orgho/netbeans-8.1/platform/core/locale/core_zh_CN.jar:/home/orgho/netbeans-8.1/platform/core/locale/org-netbeans-libs-asm_ja.jar:/home/orgho/netbeans-8.1/platform/core/locale/org-openide-filesystems_ja.jar:/home/orgho/netbeans-8.1/platform/core/locale/org-openide-filesystems-compat8_ja.jar:/home/orgho/netbeans-8.1/platform/core/locale/org-openide-filesystems-compat8_zh_CN.jar:/home/orgho/netbeans-8.1/platform/core/locale/org-openide-filesystems-compat8_ru.jar:/home/orgho/netbeans-8.1/platform/core/locale/core_ru.jar:/home/orgho/netbeans-8.1/platform/core/locale/core-base_zh_CN.jar:/home/orgho/netbeans-8.1/platform/core/locale/org-netbeans-libs-asm_ru.jar:/home/orgho/netbeans-8.1/platform/core/locale/core-base_pt_BR.jar:/home/orgho/netbeans-8.1/platform/core/locale/core_ja.jar:/home/orgho/netbeans-8.1/platform/core/locale/org-netbeans-libs-asm_pt_BR.jar:/home/orgho/netbeans-8.1/platform/core/locale/core-base_ja.jar:/home/orgho/netbeans-8.1/platform/core/locale/core-base_ru.jar:/home/orgho/netbeans-8.1/platform/core/locale/org-openide-filesystems_pt_BR.jar:/home/orgho/netbeans-8.1/platform/core/locale/org-openide-filesystems-compat8_pt_BR.jar:/home/orgho/netbeans-8.1/nb/core/org-netbeans-upgrader.jar:/home/orgho/netbeans-8.1/nb/core/locale/org-netbeans-upgrader_ja.jar:/home/orgho/netbeans-8.1/nb/core/locale/core_nb.jar:/home/orgho/netbeans-8.1/nb/core/locale/core_nb_ru.jar:/home/orgho/netbeans-8.1/nb/core/locale/org-netbeans-upgrader_ru.jar:/home/orgho/netbeans-8.1/nb/core/locale/core_nb_ja.jar:/home/orgho/netbeans-8.1/nb/core/locale/org-netbeans-upgrader_zh_CN.jar:/home/orgho/netbeans-8.1/nb/core/locale/core_nb_zh_CN.jar:/home/orgho/netbeans-8.1/nb/core/locale/core_nb_pt_BR.jar:/home/orgho/netbeans-8.1/nb/core/locale/org-netbeans-upgrader_pt_BR.jar" />
    <property name="java.vm.specification.version" value="1.8" />
    <property name="libs.hibernate4-support.src" value="" />
    <property name="libs.primefaces.classpath" value="/home/orgho/netbeans-8.1/enterprise/modules/ext/primefaces/primefaces-5.0.jar" />
    <property name="libs.javaee-api-6.0.classpath" value="/home/orgho/netbeans-8.1/enterprise/modules/ext/javaee-api-6.0.jar" />
    <property name="netbeans.productversion" value="NetBeans IDE 8.1 (Build 201510222201)" />
    <property name="libs.jaxws21.src" value="" />
    <property name="do.archive" value="true" />
    <property name="netbeans.autoupdate.language" value="en" />
    <property name="java.vendor" value="Oracle Corporation" />
    <property name="libs.javaee-api-6.0.javadoc" value="/home/orgho/netbeans-8.1/enterprise/docs/javaee-doc-api.jar" />
    <property name="sun.font.fontmanager" value="sun.awt.X11FontManager" />
    <property name="jar.index.metainf" value="false" />
    <property name="javac.debug" value="true" />
    <property name="javadoc.splitindex" value="true" />
    <property name="file.separator" value="/" />
    <property name="libs.junit_4.maven-pom" value="" />
    <property name="mkdist.disabled" value="false" />
    <property name="javac.test.processorpath" value=":build/classes:/home/orgho/netbeans-8.1/platform/modules/ext/junit-4.12.jar:/home/orgho/netbeans-8.1/platform/modules/ext/hamcrest-core-1.3.jar" />
    <property name="netbeans.buildnumber" value="201510222201" />
    <property name="libs.JWSAntTasks.javadoc" value="" />
    <property name="build.generated.sources.dir" value="build/generated-sources" />
    <property name="libs.eclipselinkmodelgen.classpath" value="/home/orgho/netbeans-8.1/java/modules/ext/eclipselink/org.eclipse.persistence.jpa.modelgen_2.5.2.v20140319-9ad6abd.jar" />
    <property name="libs.javaee-endorsed-api-7.0.src" value="" />
    <property name="sun.java.launcher" value="SUN_STANDARD" />
    <property name="libs.hibernate4-persistencemodelgen.javadoc" value="" />
    <property name="libs.jaxb.javadoc" value="/home/orgho/netbeans-8.1/ide/docs/jaxb-api-doc.zip" />
    <property name="libs.struts.classpath" value="/home/orgho/netbeans-8.1/enterprise/modules/ext/struts/antlr-2.7.2.jar:/home/orgho/netbeans-8.1/enterprise/modules/ext/struts/bsf-2.3.0.jar:/home/orgho/netbeans-8.1/enterprise/modules/ext/struts/commons-beanutils-1.8.0.jar:/home/orgho/netbeans-8.1/enterprise/modules/ext/struts/commons-chain-1.2.jar:/home/orgho/netbeans-8.1/enterprise/modules/ext/struts/commons-digester-1.8.jar:/home/orgho/netbeans-8.1/enterprise/modules/ext/struts/commons-fileupload-1.1.1.jar:/home/orgho/netbeans-8.1/enterprise/modules/ext/struts/commons-io-1.1.jar:/home/orgho/netbeans-8.1/enterprise/modules/ext/struts/commons-logging-1.0.4.jar:/home/orgho/netbeans-8.1/enterprise/modules/ext/struts/commons-validator-1.3.1.jar:/home/orgho/netbeans-8.1/enterprise/modules/ext/struts/jstl-1.0.2.jar:/home/orgho/netbeans-8.1/enterprise/modules/ext/struts/oro-2.0.8.jar:/home/orgho/netbeans-8.1/enterprise/modules/ext/struts/standard-1.0.6.jar:/home/orgho/netbeans-8.1/enterprise/modules/ext/struts/struts-core-1.3.10.jar:/home/orgho/netbeans-8.1/enterprise/modules/ext/struts/struts-el-1.3.10.jar:/home/orgho/netbeans-8.1/enterprise/modules/ext/struts/struts-extras-1.3.10.jar:/home/orgho/netbeans-8.1/enterprise/modules/ext/struts/struts-faces-1.3.10.jar:/home/orgho/netbeans-8.1/enterprise/modules/ext/struts/struts-mailreader-dao-1.3.10.jar:/home/orgho/netbeans-8.1/enterprise/modules/ext/struts/struts-scripting-1.3.10.jar:/home/orgho/netbeans-8.1/enterprise/modules/ext/struts/struts-taglib-1.3.10.jar:/home/orgho/netbeans-8.1/enterprise/modules/ext/struts/struts-tiles-1.3.10.jar" />
    <property name="ant.home" value="/home/orgho/netbeans-8.1/extide/ant" />
    <property name="libs.junit_4.src" value="/home/orgho/netbeans-8.1/platform/docs/junit-4.12-sources.jar" />
    <property name="libs.testng.classpath" value="/home/orgho/netbeans-8.1/platform/modules/ext/testng-6.8.1-dist.jar" />
    <property name="libs.absolutelayout.maven-pom" value="" />
    <property name="ant.java.version" value="1.8" />
    <property name="java.library.path" value="/usr/lib/jvm/java-8-oracle/jre/lib/amd64:/usr/lib/jvm/java-8-oracle/jre/lib/i386::/usr/java/packages/lib/amd64:/usr/lib64:/lib64:/lib:/usr/lib" />
    <property name="javadoc.author" value="false" />
    <property name="libs.metro.maven-pom" value="" />
    <property name="java.util.logging.config.class" value="org.netbeans.core.startup.TopLogging" />
    <property name="ant.file.shading" value="/home/orgho/Documents/CSC-144/shading/build.xml" />
    <property name="libs.spring-framework400.src" value="" />
    <property name="libs.PostgreSQLDriver.src" value="" />
    <property name="sun.arch.data.model" value="64" />
    <property name="basedir" value="/home/orgho/Documents/CSC-144/shading" />
    <property name="libs.jpa20-persistence.maven-pom" value="" />
    <property name="jar.compress" value="false" />
    <property name="libs.javaee-web-api-7.0.classpath" value="/home/orgho/netbeans-8.1/enterprise/modules/ext/javaee-web-api-7.0.jar" />
    <property name="path.separator" value=":" />
    <property name="libs.javaee-web-api-6.0.javadoc" value="/home/orgho/netbeans-8.1/enterprise/docs/javaee-doc-api.jar" />
    <property name="ant.junit.enabletestlistenerevents" value="true" />
    <property name="platform.javac" value="/usr/lib/jvm/java-8-oracle/bin/javac" />
    <property name="sun.io.unicode.encoding" value="UnicodeLittle" />
    <property name="libs.jaxws21.classpath" value="/home/orgho/netbeans-8.1/ide/modules/ext/jaxb/jaxb-impl.jar:/home/orgho/netbeans-8.1/ide/modules/ext/jaxb/jaxb-xjc.jar:/home/orgho/netbeans-8.1/java/modules/ext/jaxws22/FastInfoset.jar:/home/orgho/netbeans-8.1/java/modules/ext/jaxws22/gmbal-api-only.jar:/home/orgho/netbeans-8.1/java/modules/ext/jaxws22/ha-api.jar:/home/orgho/netbeans-8.1/java/modules/ext/jaxws22/javax.mail_1.4.jar:/home/orgho/netbeans-8.1/java/modules/ext/jaxws22/jaxws-rt.jar:/home/orgho/netbeans-8.1/java/modules/ext/jaxws22/jaxws-tools.jar:/home/orgho/netbeans-8.1/java/modules/ext/jaxws22/management-api.jar:/home/orgho/netbeans-8.1/java/modules/ext/jaxws22/mimepull.jar:/home/orgho/netbeans-8.1/java/modules/ext/jaxws22/policy.jar:/home/orgho/netbeans-8.1/java/modules/ext/jaxws22/saaj-impl.jar:/home/orgho/netbeans-8.1/java/modules/ext/jaxws22/stax-ex.jar:/home/orgho/netbeans-8.1/java/modules/ext/jaxws22/stax2-api.jar:/home/orgho/netbeans-8.1/java/modules/ext/jaxws22/streambuffer.jar:/home/orgho/netbeans-8.1/java/modules/ext/jaxws22/woodstox-core-asl.jar:/home/orgho/netbeans-8.1/java/modules/ext/jaxws22/api/jaxws-api.jar:/home/orgho/netbeans-8.1/java/modules/ext/jaxws22/api/jsr181-api.jar:/home/orgho/netbeans-8.1/java/modules/ext/jaxws22/api/javax.annotation.jar:/home/orgho/netbeans-8.1/java/modules/ext/jaxws22/api/saaj-api.jar:/home/orgho/netbeans-8.1/ide/modules/ext/jaxb/activation.jar:/home/orgho/netbeans-8.1/ide/modules/ext/jaxb/api/jaxb-api.jar:/home/orgho/netbeans-8.1/ide/modules/ext/jaxb/api/jsr173_1.0_api.jar" />
    <property name="libs.struts.src" value="" />
    <property name="compile.on.save" value="true" />
    <property name="apple.awt.graphics.UseQuartz" value="true" />
    <property name="user.language" value="en" />
    <property name="testng.mode" value="testng" />
    <property name="libs.JAXB-ENDORSED.maven-pom" value="" />
    <property name="libs.eclipselink.maven-pom" value="" />
    <property name="test.binaryincludes" value="&lt;nothing&gt;" />
    <property name="manifest.available" value="true" />
    <property name="libs.primefaces.javadoc" value="" />
    <property name="libs.spring-framework300.maven-pom" value="" />
    <property name="run.test.classpath" value=":build/classes:/home/orgho/netbeans-8.1/platform/modules/ext/junit-4.12.jar:/home/orgho/netbeans-8.1/platform/modules/ext/hamcrest-core-1.3.jar:build/test/classes" />
    <property name="ant.project.invoked-targets" value="test" />
    <property name="test.binaryexcludes" value="" />
    <property name="libs.swing-layout.javadoc" value="/home/orgho/netbeans-8.1/platform/docs/swing-layout-1.0.4-doc.zip" />
    <property name="sun.java2d.dpiaware" value="true" />
    <property name="libs.hibernate4-persistence.maven-pom" value="" />
    <property name="https.nonProxyHosts" value="localhost|127.0.0.1|orgho-S210" />
    <property name="libs.PostgreSQLDriver.maven-pom" value="" />
    <property name="java.class.version" value="52.0" />
    <property name="libs.hibernate4-persistencemodelgen.maven-pom" value="" />
    <property name="libs.javaee-endorsed-api-6.0.src" value="" />
    <property name="libs.eclipselink.javadoc" value="/home/orgho/netbeans-8.1/java/modules/ext/docs/javax.persistence-2.1.0-doc.zip" />
    <property name="platforms.JDK_1.8.compiler" value="modern" />
    <property name="libs.jsp-compilation.maven-pom" value="" />
    <property name="user.properties.file" value="/home/orgho/.netbeans/8.1/build.properties" />
    <property name="runtime.encoding" value="UTF-8" />
    <property name="libs.javac-api.maven-pom" value="" />
    <property name="file.encoding.pkg" value="sun.io" />
    <property name="sun.cpu.endian" value="little" />
    <property name="libs.JAXB-ENDORSED.javadoc" value="" />
    <property name="libs.JWSAntTasks.classpath" value="/home/orgho/netbeans-8.1/java/ant/extra/org-netbeans-modules-javawebstart-anttasks.jar" />
    <property name="libs.spring-webmvc4.0.maven-pom" value="" />
    <property name="libs.spring-framework300.src" value="" />
    <property name="libs.jstl.src" value="" />
    <property name="empty.dir" value="/home/orgho/Documents/CSC-144/shading/build/empty" />
    <property name="version-output" value="java version &quot;1.8.0_74&quot;&#xa;Java(TM) SE Runtime Environment (build 1.8.0_74-b02)&#xa;Java HotSpot(TM) 64-Bit Server VM (build 25.74-b02, mixed mode)" />
    <property name="test.binarytestincludes" value="" />
    <property name="libs.hibernate4-persistencemodelgen.src" value="" />
    <property name="javadoc.preview" value="true" />
    <property name="libs.jpa20-persistence.javadoc" value="/home/orgho/netbeans-8.1/java/modules/ext/docs/javax.persistence-2.1.0-doc.zip" />
    <property name="java.home" value="/usr/lib/jvm/java-8-oracle/jre" />
    <property name="libs.jsp-compilation.src" value="" />
    <property name="debug.test.classpath" value=":build/classes:/home/orgho/netbeans-8.1/platform/modules/ext/junit-4.12.jar:/home/orgho/netbeans-8.1/platform/modules/ext/hamcrest-core-1.3.jar:build/test/classes" />
    <property name="libs.javaee-endorsed-api-6.0.classpath" value="/home/orgho/netbeans-8.1/enterprise/modules/ext/javaee6-endorsed/javax.annotation.jar:/home/orgho/netbeans-8.1/enterprise/modules/ext/javaee6-endorsed/jaxb-api-osgi.jar:/home/orgho/netbeans-8.1/enterprise/modules/ext/javaee6-endorsed/webservices-api-osgi.jar" />
    <property name="libs.javaee-api-6.0.src" value="" />
    <property name="netbeans.importclass" value="org.netbeans.upgrade.AutoUpgrade" />
    <property name="ant.project.default-target" value="default" />
    <property name="annotation.processing.run.all.processors" value="true" />
    <property name="libs.PostgreSQLDriver.javadoc" value="" />
    <property name="libs.restlib.classpath" value="/home/orgho/netbeans-8.1/enterprise/modules/ext/jersey2/ext/asm-all-repackaged-2.2.0-b21.jar:/home/orgho/netbeans-8.1/enterprise/modules/ext/jersey2/ext/cglib-2.2.0-b21.jar:/home/orgho/netbeans-8.1/enterprise/modules/ext/jersey2/ext/guava-14.0.1.jar:/home/orgho/netbeans-8.1/enterprise/modules/ext/jersey2/ext/hk2-api-2.2.0-b21.jar:/home/orgho/netbeans-8.1/enterprise/modules/ext/jersey2/ext/hk2-locator-2.2.0-b21.jar:/home/orgho/netbeans-8.1/enterprise/modules/ext/jersey2/ext/hk2-utils-2.2.0-b21.jar:/home/orgho/netbeans-8.1/enterprise/modules/ext/jersey2/ext/javax.annotation-api-1.2.jar:/home/orgho/netbeans-8.1/enterprise/modules/ext/jersey2/ext/javax.inject-2.2.0-b21.jar:/home/orgho/netbeans-8.1/enterprise/modules/ext/jersey2/ext/javax.servlet-api-3.0.1.jar:/home/orgho/netbeans-8.1/enterprise/modules/ext/jersey2/ext/jaxb-api-2.2.7.jar:/home/orgho/netbeans-8.1/enterprise/modules/ext/jersey2/ext/jersey-entity-filtering-2.5.1.jar:/home/orgho/netbeans-8.1/enterprise/modules/ext/jersey2/ext/jersey-media-moxy-2.5.1.jar:/home/orgho/netbeans-8.1/enterprise/modules/ext/jersey2/ext/org.osgi.core-4.2.0.jar:/home/orgho/netbeans-8.1/enterprise/modules/ext/jersey2/ext/osgi-resource-locator-1.0.1.jar:/home/orgho/netbeans-8.1/enterprise/modules/ext/jersey2/ext/persistence-api-1.0.jar:/home/orgho/netbeans-8.1/enterprise/modules/ext/jersey2/ext/validation-api-1.1.0.Final.jar:/home/orgho/netbeans-8.1/enterprise/modules/ext/jersey2/jersey-client.jar:/home/orgho/netbeans-8.1/enterprise/modules/ext/jersey2/jersey-common.jar:/home/orgho/netbeans-8.1/enterprise/modules/ext/jersey2/jersey-container-servlet.jar:/home/orgho/netbeans-8.1/enterprise/modules/ext/jersey2/jersey-container-servlet-core.jar:/home/orgho/netbeans-8.1/enterprise/modules/ext/jersey2/jersey-server.jar:/home/orgho/netbeans-8.1/java/modules/ext/eclipselink/eclipselink.jar" />
    <property name="libs.MySQLDriver.maven-pom" value="" />
    <property name="libs.hibernate4-persistence.javadoc" value="/home/orgho/netbeans-8.1/java/modules/ext/docs/javax.persistence-2.1.0-doc.zip" />
    <property name="http.nonProxyHosts" value="localhost|127.0.0.1|orgho-S210" />
    <property name="libs.junit_4.javadoc" value="/home/orgho/netbeans-8.1/platform/docs/junit-4.12-javadoc.jar" />
    <property name="platforms.JDK_1.8.bootclasspath" value="/usr/lib/jvm/java-8-oracle/jre/lib/resources.jar:/usr/lib/jvm/java-8-oracle/jre/lib/rt.jar:/usr/lib/jvm/java-8-oracle/jre/lib/sunrsasign.jar:/usr/lib/jvm/java-8-oracle/jre/lib/jsse.jar:/usr/lib/jvm/java-8-oracle/jre/lib/jce.jar:/usr/lib/jvm/java-8-oracle/jre/lib/charsets.jar:/usr/lib/jvm/java-8-oracle/jre/lib/jfr.jar:/usr/lib/jvm/java-8-oracle/jre/classes:/usr/lib/jvm/java-8-oracle/jre/lib/ext/sunec.jar:/usr/lib/jvm/java-8-oracle/jre/lib/ext/nashorn.jar:/usr/lib/jvm/java-8-oracle/jre/lib/ext/jfxrt.jar:/usr/lib/jvm/java-8-oracle/jre/lib/ext/sunjce_provider.jar:/usr/lib/jvm/java-8-oracle/jre/lib/ext/localedata.jar:/usr/lib/jvm/java-8-oracle/jre/lib/ext/sunpkcs11.jar:/usr/lib/jvm/java-8-oracle/jre/lib/ext/jaccess.jar:/usr/lib/jvm/java-8-oracle/jre/lib/ext/dnsns.jar:/usr/lib/jvm/java-8-oracle/jre/lib/ext/cldrdata.jar:/usr/lib/jvm/java-8-oracle/jre/lib/ext/zipfs.jar" />
    <property name="libs.javaee-web-api-6.0.maven-pom" value="" />
    <property name="run.classpath" value=":build/classes" />
    <property name="jna.boot.library.name" value="jnidispatch-410" />
    <property name="libs.javaee-endorsed-api-6.0.javadoc" value="/home/orgho/netbeans-8.1/enterprise/docs/javaee-doc-api.jar" />
    <property name="libs.javaee-api-7.0.classpath" value="/home/orgho/netbeans-8.1/enterprise/modules/ext/javaee-api-7.0.jar" />
    <property name="sun.awt.datatransfer.timeout" value="1000" />
    <property name="libs.spring-webmvc3.0.javadoc" value="" />
    <property name="libs.jpa2-persistence.maven-pom" value="" />
    <property name="annotation.processing.enabled.in.editor" value="false" />
    <property name="libs.hibernate4-support.classpath" value="/home/orgho/netbeans-8.1/java/modules/ext/hibernate4/antlr-2.7.7.jar:/home/orgho/netbeans-8.1/java/modules/ext/hibernate4/c3p0-0.9.2.1.jar:/home/orgho/netbeans-8.1/java/modules/ext/hibernate4/hibernate-c3p0-4.3.1.Final.jar:/home/orgho/netbeans-8.1/java/modules/ext/hibernate4/mchange-commons-java-0.2.3.4.jar:/home/orgho/netbeans-8.1/java/modules/ext/hibernate4/dom4j-1.6.1.jar:/home/orgho/netbeans-8.1/java/modules/ext/hibernate4/ehcache-core-2.4.3.jar:/home/orgho/netbeans-8.1/java/modules/ext/hibernate4/hibernate-ehcache-4.3.1.Final.jar:/home/orgho/netbeans-8.1/java/modules/ext/hibernate4/hibernate-core-4.3.1.Final.jar:/home/orgho/netbeans-8.1/java/modules/ext/hibernate4/jboss-logging-3.1.3.GA.jar:/home/orgho/netbeans-8.1/java/modules/ext/hibernate4/hibernate-commons-annotations-4.0.4.Final.jar:/home/orgho/netbeans-8.1/java/modules/ext/hibernate4/hibernate-entitymanager-4.3.1.Final.jar:/home/orgho/netbeans-8.1/java/modules/ext/hibernate4/javassist-3.18.1-GA.jar:/home/orgho/netbeans-8.1/java/modules/ext/hibernate4/jboss-transaction-api_1.2_spec-1.0.0.Final.jar:/home/orgho/netbeans-8.1/java/modules/ext/hibernate4/slf4j-api-1.6.1.jar:/home/orgho/netbeans-8.1/java/modules/ext/hibernate4/slf4j-simple-1.6.1.jar" />
    <property name="nb.native.filechooser" value="true" />
    <property name="libs.restapi.src" value="" />
    <property name="sun.management.compiler" value="HotSpot 64-Bit Tiered Compilers" />
    <property name="javac.deprecation" value="false" />
    <property name="javadoc.use" value="true" />
    <property name="sun.java2d.noddraw" value="true" />
    <property name="libs.jsp-compiler.classpath" value="/home/orgho/netbeans-8.1/enterprise/ant/extra/jspcompile.jar" />
    <property name="javac.processorpath" value="" />
    <property name="libs.hamcrest.maven-pom" value="" />
    <property name="javac.compilerargs" value="" />
    <property name="ant.file" value="/home/orgho/Documents/CSC-144/shading/build.xml" />
    <property name="libs.beans-binding.maven-pom" value="" />
    <property name="libs.hibernate4-support.javadoc" value="/home/orgho/netbeans-8.1/java/modules/ext/docs/javax.persistence-2.1.0-doc.zip" />
    <property name="libs.jsf12.classpath" value="/home/orgho/netbeans-8.1/enterprise/modules/ext/jsf-1_2/commons-beanutils.jar:/home/orgho/netbeans-8.1/enterprise/modules/ext/jsf-1_2/commons-collections.jar:/home/orgho/netbeans-8.1/enterprise/modules/ext/jsf-1_2/commons-digester.jar:/home/orgho/netbeans-8.1/enterprise/modules/ext/jsf-1_2/commons-logging.jar:/home/orgho/netbeans-8.1/enterprise/modules/ext/jsf-1_2/jsf-api.jar:/home/orgho/netbeans-8.1/enterprise/modules/ext/jsf-1_2/jsf-impl.jar" />
    <property name="libs.jstl.maven-pom" value="" />
    <property name="libs.restapi.maven-pom" value="" />
    <property name="ant.file.shading-impl" value="/home/orgho/Documents/CSC-144/shading/nbproject/build-impl.xml" />
    <property name="libs.beans-binding.src" value="" />
    <property name="java.vm.specification.vendor" value="Oracle Corporation" />
    <property name="libs.swing-layout.src" value="/home/orgho/netbeans-8.1/platform/docs/swing-layout-1.0.4-src.zip" />
    <property name="org.openide.major.version" value="IDE/1" />
    <property name="java.vm.name" value="Java HotSpot(TM) 64-Bit Server VM" />
    <property name="netbeans.user" value="/home/orgho/.netbeans/8.1" />
    <property name="javadoc.additionalparam" value="" />
    <property name="java.io.tmpdir" value="/tmp" />
    <property name="java.vendor.url" value="http://java.oracle.com/" />
    <property name="endorsed.classpath.cmd.line.arg" value="" />
    <property name="junit.available" value="true" />
    <property name="libs.jsp-compiler.src" value="" />
    <property name="org.openide.awt.ActionReference.completion" value="org.netbeans.modules.apisupport.project.layers.PathCompletions" />
    <property name="sun.boot.library.path" value="/usr/lib/jvm/java-8-oracle/jre/lib/amd64" />
    <property name="have.sources" value="true" />
    <property name="libs.hamcrest.javadoc" value="" />
    <property name="debug.classpath" value=":build/classes" />
    <property name="javadoc.private" value="false" />
    <property name="test.src.dir" value="test" />
    <property name="libs.jsf20.classpath" value="/home/orgho/netbeans-8.1/enterprise/modules/ext/jsf-2_2/javax.faces.jar" />
    <property name="ap.processors.internal" value="" />
    <property name="meta.inf.dir" value="src/META-INF" />
    <property name="javadoc.encoding.used" value="UTF-8" />
    <property name="dist.jar" value="dist/shading.jar" />
    <property name="libs.spring-framework400.maven-pom" value="" />
    <property name="java.runtime.name" value="Java(TM) SE Runtime Environment" />
    <property name="ant.project.name" value="shading" />
    <property name="netbeans.hash.code" value="unique=NB_EXTIDE_JAVA_WEBCOMMON_WEBEE01ccaf270-de1b-4162-8175-fae48acfc985_05565089-accf-4e25-bb46-fe01fe6e6a2e" />
    <property name="libs.jsp-compilation-syscp.maven-pom" value="" />
    <property name="platform.javadoc" value="/usr/lib/jvm/java-8-oracle/bin/javadoc" />
    <property name="junit.selected.version" value="4" />
    <property name="platform.javadoc.tmp" value="${platforms.JDK_1.8.javadoc}" />
    <property name="sun.cpu.isalist" value="" />
    <property name="libs.spring-framework400.javadoc" value="" />
    <property name="libs.CopyLibs.javadoc" value="" />
    <property name="platform.compiler" value="${platforms.JDK_1.8.compile}" />
    <property name="org.openide.specification.version" value="6.2" />
    <property name="user.home" value="/home/orgho" />
    <property name="annotation.processing.processors.list" value="" />
    <property name="libs.primefaces.maven-pom" value="" />
    <property name="debug-args-line" value="-Xdebug" />
    <property name="libs.javaee-api-6.0.maven-pom" value="" />
    <property name="platform.javac.tmp" value="${platforms.JDK_1.8.javac}" />
    <property name="libs.JWSAntTasks.src" value="" />
    <property name="jar.index" value="false" />
    <property name="libs.CopyLibs.maven-pom" value="" />
    <property name="libs.spring-framework300.javadoc" value="" />
    <property name="libs.absolutelayout.javadoc" value="" />
    <property name="java.specification.name" value="Java Platform API Specification" />
    <property name="do.archive+main.class.available" value="true" />
    <property name="java.specification.vendor" value="Oracle Corporation" />
    <property name="libs.javac-api.classpath" value="/home/orgho/netbeans-8.1/java/modules/ext/nb-javac-api.jar" />
    <property name="java.version" value="1.8.0_74" />
    <property name="run.jvmargs.ide" value="" />
    <property name="javadoc.version" value="false" />
    <property name="libs.MySQLDriver.javadoc" value="" />
    <property name="org.openide.version" value="deprecated" />
    <property name="platform.java" value="/usr/lib/jvm/java-8-oracle/bin/java" />
    <property name="source.encoding" value="UTF-8" />
    <property name="ap.cmd.line.internal" value="" />
    <property name="libs.eclipselinkmodelgen.maven-pom" value="" />
    <property name="libs.jsp-compilation-syscp.javadoc" value="" />
    <property name="libs.eclipselinkmodelgen.javadoc" value="" />
    <property name="libs.javaee-endorsed-api-7.0.classpath" value="/home/orgho/netbeans-8.1/enterprise/modules/ext/javaee7-endorsed/javax.annotation-api.jar:/home/orgho/netbeans-8.1/enterprise/modules/ext/javaee7-endorsed/javax.xml.soap-api.jar:/home/orgho/netbeans-8.1/enterprise/modules/ext/javaee7-endorsed/jaxb-api-osgi.jar:/home/orgho/netbeans-8.1/enterprise/modules/ext/javaee7-endorsed/jaxws-api.jar:/home/orgho/netbeans-8.1/enterprise/modules/ext/javaee7-endorsed/jsr181-api.jar" />
    <property name="libs.metro.javadoc" value="/home/orgho/netbeans-8.1/enterprise/docs/metro-1.4-doc.zip" />
    <property name="libs.struts.maven-pom" value="" />
    <property name="netbeans.home+have.tests" value="true" />
    <property name="annotation.processing.processor.options" value="" />
    <property name="libs.testng.maven-pom" value="" />
    <property name="libs.jaxb.src" value="" />
    <property name="work.dir" value="/home/orgho/Documents/CSC-144/shading" />
    <property name="libs.jaxb.classpath" value="/home/orgho/netbeans-8.1/ide/modules/ext/jaxb/jaxb-impl.jar:/home/orgho/netbeans-8.1/ide/modules/ext/jaxb/jaxb-xjc.jar:/home/orgho/netbeans-8.1/ide/modules/ext/jaxb/jaxb1-impl.jar:/home/orgho/netbeans-8.1/ide/modules/ext/jaxb/activation.jar:/home/orgho/netbeans-8.1/ide/modules/ext/jaxb/api/jaxb-api.jar:/home/orgho/netbeans-8.1/ide/modules/ext/jaxb/api/jsr173_1.0_api.jar" />
    <property name="do.depend" value="false" />
    <property name="dist.javadoc.dir" value="dist/javadoc" />
    <property name="libs.swing-layout.classpath" value="/home/orgho/netbeans-8.1/platform/modules/ext/swing-layout-1.0.4.jar" />
    <property name="libs.spring-webmvc3.0.classpath" value="/home/orgho/netbeans-8.1/java/modules/ext/spring-3.0/spring-webmvc-3.2.7.RELEASE.jar" />
    <property name="libs.javaee-web-api-7.0.maven-pom" value="" />
    <property name="libs.restlib.src" value="" />
    <property name="javac.source" value="1.8" />
    <property name="build.generated.dir" value="build/generated" />
    <property name="line.separator" value="&#xa;" />
    <property name="java.specification.version" value="1.8" />
    <property name="java.vm.info" value="mixed mode" />
    <property name="libs.jaxws21.maven-pom" value="" />
    <property name="nb.junit.batch" value="true" />
    <property name="junit.forkmode" value="perTest" />
    <property name="platform.java.tmp" value="${platforms.JDK_1.8.java}" />
    <property name="sun.boot.class.path" value="/usr/lib/jvm/java-8-oracle/jre/lib/resources.jar:/usr/lib/jvm/java-8-oracle/jre/lib/rt.jar:/usr/lib/jvm/java-8-oracle/jre/lib/sunrsasign.jar:/usr/lib/jvm/java-8-oracle/jre/lib/jsse.jar:/usr/lib/jvm/java-8-oracle/jre/lib/jce.jar:/usr/lib/jvm/java-8-oracle/jre/lib/charsets.jar:/usr/lib/jvm/java-8-oracle/jre/lib/jfr.jar:/usr/lib/jvm/java-8-oracle/jre/classes" />
    <property name="javac.target" value="1.8" />
    <property name="built-jar.properties" value="/home/orgho/Documents/CSC-144/shading/build/built-jar.properties" />
    <property name="build.test.classes.dir" value="build/test/classes" />
    <property name="src.dir" value="src" />
    <property name="libs.jpa2-persistence.src" value="" />
    <property name="annotation.processing.enabled" value="true" />
    <property name="libs.jsf20.src" value="" />
    <property name="libs.jpa20-persistence.src" value="" />
    <property name="libs.jsf12.src" value="" />
    <property name="libs.struts.javadoc" value="/home/orgho/netbeans-8.1/enterprise/docs/struts-1.3.10-javadoc.zip" />
    <property name="ignore.failing.tests" value="true" />
    <property name="libs.javaee-web-api-7.0.src" value="" />
    <property name="libs.primefaces.src" value="" />
    <property name="dist.dir" value="dist" />
    <property name="testng.debug.mode" value="" />
    <property name="ant.file.type.shading-impl" value="file" />
    <property name="java.awt.printerjob" value="sun.print.PSPrinterJob" />
    <property name="default.javac.source" value="1.8" />
    <property name="debug-transport-by-os" value="dt_socket" />
    <property name="sun.jnu.encoding" value="UTF-8" />
    <property name="libs.MySQLDriver.src" value="" />
    <property name="build.test.results.dir" value="build/test/results" />
    <property name="java.runtime.version" value="1.8.0_74-b02" />
    <property name="jna.platform.library.path" value="/usr/lib/x86_64-linux-gnu:/lib/x86_64-linux-gnu:/lib64:/usr/lib:/lib" />
    <property name="default.javac.target" value="1.8" />
    <property name="libs.junit_4.classpath" value="/home/orgho/netbeans-8.1/platform/modules/ext/junit-4.12.jar" />
    <property name="user.timezone" value="" />
    <property name="nb.junit.single" value="false" />
    <property name="libs.javaee-endorsed-api-6.0.maven-pom" value="" />
    <property name="netbeans.dirs" value="/home/orgho/netbeans-8.1/nb:/home/orgho/netbeans-8.1/ergonomics:/home/orgho/netbeans-8.1/ide:/home/orgho/netbeans-8.1/extide:/home/orgho/netbeans-8.1/java:/home/orgho/netbeans-8.1/apisupport:/home/orgho/netbeans-8.1/webcommon:/home/orgho/netbeans-8.1/websvccommon:/home/orgho/netbeans-8.1/enterprise:/home/orgho/netbeans-8.1/mobility:/home/orgho/netbeans-8.1/profiler:/home/orgho/netbeans-8.1/python:/home/orgho/netbeans-8.1/php:/home/orgho/netbeans-8.1/identity:/home/orgho/netbeans-8.1/harness:/home/orgho/netbeans-8.1/cnd:/home/orgho/netbeans-8.1/cndext:/home/orgho/netbeans-8.1/dlight:/home/orgho/netbeans-8.1/groovy:/home/orgho/netbeans-8.1/extra:/home/orgho/netbeans-8.1/javacard:/home/orgho/netbeans-8.1/javafx:/home/orgho/netbeans-8.1/nbuml" />
    <property name="libs.jsf20.javadoc" value="/home/orgho/netbeans-8.1/enterprise/docs/javaee-doc-api.jar" />
    <property name="libs.jstl.javadoc" value="/home/orgho/netbeans-8.1/enterprise/docs/javaee-doc-api.jar" />
    <property name="java.ext.dirs" value="/usr/lib/jvm/java-8-oracle/jre/lib/ext:/usr/java/packages/lib/ext" />
    <property name="libs.metro.src" value="" />
    <property name="libs.absolutelayout.classpath" value="/home/orgho/netbeans-8.1/java/modules/ext/AbsoluteLayout.jar" />
    <property name="excludes" value="" />
    <property name="libs.metro.classpath" value="/home/orgho/netbeans-8.1/ide/modules/ext/jaxb/activation.jar:/home/orgho/netbeans-8.1/enterprise/modules/ext/metro/webservices-api.jar:/home/orgho/netbeans-8.1/enterprise/modules/ext/metro/webservices-extra-api.jar:/home/orgho/netbeans-8.1/enterprise/modules/ext/metro/webservices-extra.jar:/home/orgho/netbeans-8.1/enterprise/modules/ext/metro/webservices-rt.jar:/home/orgho/netbeans-8.1/enterprise/modules/ext/metro/webservices-tools.jar" />
    <property name="libs.restlib.maven-pom" value="" />
    <property name="libs.jpa2-persistence.javadoc" value="/home/orgho/netbeans-8.1/java/modules/ext/docs/javax.persistence-2.1.0-doc.zip" />
    <property name="apple.laf.useScreenMenuBar" value="true" />
    <property name="java.class.path" value="/home/orgho/Documents/CSC-144/shading/build/classes:/home/orgho/netbeans-8.1/platform/modules/ext/junit-4.12.jar:/home/orgho/netbeans-8.1/platform/modules/ext/hamcrest-core-1.3.jar:/home/orgho/Documents/CSC-144/shading/build/test/classes:/home/orgho/netbeans-8.1/extide/ant/lib/ant-launcher.jar:/home/orgho/netbeans-8.1/extide/ant/lib/ant.jar:/home/orgho/netbeans-8.1/extide/ant/lib/ant-junit.jar:/home/orgho/netbeans-8.1/extide/ant/lib/ant-junit4.jar" />
    <property name="do.mkdist" value="true" />
    <property name="libs.absolutelayout.src" value="" />
    <property name="libs.jpa20-persistence.classpath" value="/home/orgho/netbeans-8.1/java/modules/ext/eclipselink/javax.persistence_2.1.0.v201304241213.jar" />
    <property name="os.version" value="3.19.0-56-generic" />
    <property name="application.args" value="" />
    <property name="libs.javaee-api-7.0.maven-pom" value="" />
    <property name="main.class.available" value="true" />
    <property name="sun.awt.enableExtraMouseButtons" value="true" />
    <property name="sun.desktop" value="gnome" />
    <property name="libs.hibernate4-persistence.src" value="" />
    <property name="libs.hibernate4-support.maven-pom" value="" />
    <property name="libs.restlib.javadoc" value="" />
    <property name="libs.JAXB-ENDORSED.classpath" value="/home/orgho/netbeans-8.1/ide/modules/ext/jaxb/api/jaxb-api.jar" />
    <property name="nb.internal.action.name" value="test" />
    <property name="libs.javaee-api-7.0.javadoc" value="/home/orgho/netbeans-8.1/enterprise/docs/javaee-doc-api.jar" />
    <property name="libs.eclipselink.classpath" value="/home/orgho/netbeans-8.1/java/modules/ext/eclipselink/eclipselink.jar:/home/orgho/netbeans-8.1/java/modules/ext/eclipselink/javax.persistence_2.1.0.v201304241213.jar:/home/orgho/netbeans-8.1/java/modules/ext/eclipselink/org.eclipse.persistence.jpa.jpql_2.5.2.v20140319-9ad6abd.jar" />
    <property name="libs.beans-binding.javadoc" value="/home/orgho/netbeans-8.1/java/docs/beansbinding-1.2.1-doc.zip" />
    <property name="java.awt.graphicsenv" value="sun.awt.X11GraphicsEnvironment" />
    <property name="java.vm.vendor" value="Oracle Corporation" />
    <property name="libs.CopyLibs.classpath" value="/home/orgho/netbeans-8.1/java/ant/extra/org-netbeans-modules-java-j2seproject-copylibstask.jar" />
    <property name="libs.spring-framework300.classpath" value="/home/orgho/netbeans-8.1/ide/modules/org-apache-commons-logging.jar:/home/orgho/netbeans-8.1/java/modules/ext/cglib-2.2.jar:/home/orgho/netbeans-8.1/java/modules/ext/spring-3.0/spring-aop-3.2.7.RELEASE.jar:/home/orgho/netbeans-8.1/java/modules/ext/spring-3.0/spring-aspects-3.2.7.RELEASE.jar:/home/orgho/netbeans-8.1/java/modules/ext/spring-3.0/spring-beans-3.2.7.RELEASE.jar:/home/orgho/netbeans-8.1/java/modules/ext/spring-3.0/spring-build-src-3.2.7.RELEASE.jar:/home/orgho/netbeans-8.1/java/modules/ext/spring-3.0/spring-context-3.2.7.RELEASE.jar:/home/orgho/netbeans-8.1/java/modules/ext/spring-3.0/spring-context-support-3.2.7.RELEASE.jar:/home/orgho/netbeans-8.1/java/modules/ext/spring-3.0/spring-core-3.2.7.RELEASE.jar:/home/orgho/netbeans-8.1/java/modules/ext/spring-3.0/spring-expression-3.2.7.RELEASE.jar:/home/orgho/netbeans-8.1/java/modules/ext/spring-3.0/spring-framework-bom-3.2.7.RELEASE.jar:/home/orgho/netbeans-8.1/java/modules/ext/spring-3.0/spring-instrument-3.2.7.RELEASE.jar:/home/orgho/netbeans-8.1/java/modules/ext/spring-3.0/spring-instrument-tomcat-3.2.7.RELEASE.jar:/home/orgho/netbeans-8.1/java/modules/ext/spring-3.0/spring-jdbc-3.2.7.RELEASE.jar:/home/orgho/netbeans-8.1/java/modules/ext/spring-3.0/spring-jms-3.2.7.RELEASE.jar:/home/orgho/netbeans-8.1/java/modules/ext/spring-3.0/spring-orm-3.2.7.RELEASE.jar:/home/orgho/netbeans-8.1/java/modules/ext/spring-3.0/spring-oxm-3.2.7.RELEASE.jar:/home/orgho/netbeans-8.1/java/modules/ext/spring-3.0/spring-struts-3.2.7.RELEASE.jar:/home/orgho/netbeans-8.1/java/modules/ext/spring-3.0/spring-test-3.2.7.RELEASE.jar:/home/orgho/netbeans-8.1/java/modules/ext/spring-3.0/spring-tx-3.2.7.RELEASE.jar:/home/orgho/netbeans-8.1/java/modules/ext/spring-3.0/spring-web-3.2.7.RELEASE.jar:/home/orgho/netbeans-8.1/java/modules/ext/spring-3.0/spring-webmvc-3.2.7.RELEASE.jar:/home/orgho/netbeans-8.1/java/modules/ext/spring-3.0/spring-webmvc-portlet-3.2.7.RELEASE.jar" />
    <property name="libs.jsp-compiler.maven-pom" value="" />
    <property name="libs.hamcrest.src" value="" />
    <property name="run.jvmargs" value="" />
    <property name="libs.hibernate4-persistence.classpath" value="/home/orgho/netbeans-8.1/java/modules/ext/hibernate4/antlr-2.7.7.jar:/home/orgho/netbeans-8.1/java/modules/ext/hibernate4/c3p0-0.9.2.1.jar:/home/orgho/netbeans-8.1/java/modules/ext/hibernate4/hibernate-c3p0-4.3.1.Final.jar:/home/orgho/netbeans-8.1/java/modules/ext/hibernate4/mchange-commons-java-0.2.3.4.jar:/home/orgho/netbeans-8.1/java/modules/ext/hibernate4/dom4j-1.6.1.jar:/home/orgho/netbeans-8.1/java/modules/ext/hibernate4/ehcache-core-2.4.3.jar:/home/orgho/netbeans-8.1/java/modules/ext/hibernate4/hibernate-ehcache-4.3.1.Final.jar:/home/orgho/netbeans-8.1/java/modules/ext/hibernate4/hibernate-core-4.3.1.Final.jar:/home/orgho/netbeans-8.1/java/modules/ext/hibernate4/jboss-logging-3.1.3.GA.jar:/home/orgho/netbeans-8.1/java/modules/ext/hibernate4/hibernate-commons-annotations-4.0.4.Final.jar:/home/orgho/netbeans-8.1/java/modules/ext/hibernate4/hibernate-entitymanager-4.3.1.Final.jar:/home/orgho/netbeans-8.1/java/modules/ext/hibernate4/javassist-3.18.1-GA.jar:/home/orgho/netbeans-8.1/java/modules/ext/hibernate4/jboss-transaction-api_1.2_spec-1.0.0.Final.jar:/home/orgho/netbeans-8.1/java/modules/ext/hibernate4/slf4j-api-1.6.1.jar:/home/orgho/netbeans-8.1/java/modules/ext/hibernate4/slf4j-simple-1.6.1.jar:/home/orgho/netbeans-8.1/java/modules/ext/hibernate4/hibernate-jpa-2.1-api-1.0.0.Final.jar" />
    <property name="libs.JAXB-ENDORSED.src" value="" />
    <property name="dist.archive.excludes" value="" />
    <property name="libs.testng.javadoc" value="/home/orgho/netbeans-8.1/platform/docs/testng-6.8.1-javadoc.zip" />
    <property name="platforms.JDK_1.8.home" value="/usr/lib/jvm/java-8-oracle" />
    <property name="libs.PostgreSQLDriver.classpath" value="/home/orgho/netbeans-8.1/ide/modules/ext/postgresql-9.2-1002.jdbc4.jar" />
    <property name="libs.jsf12.maven-pom" value="" />
    <property name="libs.hibernate4-persistencemodelgen.classpath" value="/home/orgho/netbeans-8.1/java/modules/ext/hibernate4/hibernate-jpamodelgen-4.3.1.Final.jar" />
    <property name="annotation.processing.source.output" value="build/generated-sources/ap-source-output" />
    <property name="main.class" value="shading.Shading" />
    <property name="libs.CopyLibs.src" value="" />
    <property name="build.dir" value="build" />
    <property name="libs.jsp-compilation.classpath" value="/home/orgho/netbeans-8.1/extide/ant/lib/ant.jar:/home/orgho/netbeans-8.1/enterprise/modules/ext/servlet3.1-jsp2.3-api.jar:/home/orgho/netbeans-8.1/enterprise/modules/ext/glassfish-jspparser-4.0.jar:/home/orgho/netbeans-8.1/enterprise/modules/ext/jsf-2_2/javax.faces.jar:/home/orgho/netbeans-8.1/enterprise/modules/ext/jstl-api.jar:/home/orgho/netbeans-8.1/extide/ant/lib/ant-launcher.jar" />
    <property name="ant.version" value="Apache Ant(TM) version 1.9.4 compiled on April 29 2014" />
    <property name="file.encoding" value="UTF-8" />
    <property name="build.classes.excludes" value="**/*.java,**/*.form" />
    <property name="javadoc.nonavbar" value="false" />
    <property name="libs.spring-webmvc4.0.classpath" value="/home/orgho/netbeans-8.1/java/modules/ext/spring-4/spring-webmvc-4.0.1.RELEASE.jar" />
    <property name="platform.active" value="JDK_1.8" />
    <property name="awt.toolkit" value="sun.awt.X11.XToolkit" />
    <property name="libs.javaee-web-api-7.0.javadoc" value="/home/orgho/netbeans-8.1/enterprise/docs/javaee-doc-api.jar" />
  </properties>
  <testcase classname="shading.Vector3DTest" name="testAdd" time="0.002" />
  <testcase classname="shading.Vector3DTest" name="testDot" time="0.0" />
  <testcase classname="shading.Vector3DTest" name="testMagnitude" time="0.001" />
  <testcase classname="shading.Vector3DTest" name="testSubtract" time="0.001" />
  <testcase classname="shading.Vector3DTest" name="testCross" time="0.001" />
  <testcase classname="shading.Vector3DTest" name="testScale" time="0.0" />
  <testcase classname="shading.Vector3DTest" name="testGetX" time="0.0" />
  <testcase classname="shading.Vector3DTest" name="testGetY" time="0.0" />
  <testcase classname="shading.Vector3DTest" name="testGetZ" time="0.001" />
  <testcase classname="shading.Vector3DTest" name="testNormalize" time="0.0" />
  <system-out><![CDATA[add
dot
magnitude
subtract
cross
scale
getX
getY
getZ
normalize
]]></system-out>
  <system-err><![CDATA[]]></system-err>
</testsuite>
